[0.007s] Invoking command in '/home/kits/turtlebot3_ws/build/turtlebot3_simulations': AMENT_PREFIX_PATH=/home/kits/turtlebot3_ws/install/turtlebot3_manipulation_gazebo:/home/kits/turtlebot3_ws/install/turtlebot3_gazebo:/home/kits/turtlebot3_ws/install/turtlebot3_fake_node:${AMENT_PREFIX_PATH} CMAKE_PREFIX_PATH=/home/kits/turtlebot3_ws/install/turtlebot3_manipulation_gazebo:/home/kits/turtlebot3_ws/install/turtlebot3_gazebo:/home/kits/turtlebot3_ws/install/turtlebot3_fake_node:/home/kits/turtlebot3_ws/install/dynamic_obstacle_avoidance:/home/kits/ros2_ws/install/dynamic_obstacle_avoidance:/opt/ros/humble /usr/bin/cmake /home/kits/turtlebot3_ws/src/turtlebot3_simulations/turtlebot3_simulations -DCMAKE_INSTALL_PREFIX=/home/kits/turtlebot3_ws/install/turtlebot3_simulations
[0.050s] -- The C compiler identification is GNU 11.4.0
[0.087s] -- The CXX compiler identification is GNU 11.4.0
[0.092s] -- Detecting C compiler ABI info
[0.151s] -- Detecting C compiler ABI info - done
[0.156s] -- Check for working C compiler: /usr/bin/cc - skipped
[0.156s] -- Detecting C compile features
[0.157s] -- Detecting C compile features - done
[0.159s] -- Detecting CXX compiler ABI info
[0.216s] -- Detecting CXX compiler ABI info - done
[0.221s] -- Check for working CXX compiler: /usr/bin/c++ - skipped
[0.221s] -- Detecting CXX compile features
[0.221s] -- Detecting CXX compile features - done
[0.223s] -- Found ament_cmake: 1.3.12 (/opt/ros/humble/share/ament_cmake/cmake)
[0.325s] -- Found Python3: /usr/bin/python3 (found version "3.10.12") found components: Interpreter 
[0.422s] -- Configuring done
[0.423s] -- Generating done
[0.424s] -- Build files have been written to: /home/kits/turtlebot3_ws/build/turtlebot3_simulations
[0.427s] Invoked command in '/home/kits/turtlebot3_ws/build/turtlebot3_simulations' returned '0': AMENT_PREFIX_PATH=/home/kits/turtlebot3_ws/install/turtlebot3_manipulation_gazebo:/home/kits/turtlebot3_ws/install/turtlebot3_gazebo:/home/kits/turtlebot3_ws/install/turtlebot3_fake_node:${AMENT_PREFIX_PATH} CMAKE_PREFIX_PATH=/home/kits/turtlebot3_ws/install/turtlebot3_manipulation_gazebo:/home/kits/turtlebot3_ws/install/turtlebot3_gazebo:/home/kits/turtlebot3_ws/install/turtlebot3_fake_node:/home/kits/turtlebot3_ws/install/dynamic_obstacle_avoidance:/home/kits/ros2_ws/install/dynamic_obstacle_avoidance:/opt/ros/humble /usr/bin/cmake /home/kits/turtlebot3_ws/src/turtlebot3_simulations/turtlebot3_simulations -DCMAKE_INSTALL_PREFIX=/home/kits/turtlebot3_ws/install/turtlebot3_simulations
[0.427s] Invoking command in '/home/kits/turtlebot3_ws/build/turtlebot3_simulations': AMENT_PREFIX_PATH=/home/kits/turtlebot3_ws/install/turtlebot3_manipulation_gazebo:/home/kits/turtlebot3_ws/install/turtlebot3_gazebo:/home/kits/turtlebot3_ws/install/turtlebot3_fake_node:${AMENT_PREFIX_PATH} CMAKE_PREFIX_PATH=/home/kits/turtlebot3_ws/install/turtlebot3_manipulation_gazebo:/home/kits/turtlebot3_ws/install/turtlebot3_gazebo:/home/kits/turtlebot3_ws/install/turtlebot3_fake_node:/home/kits/turtlebot3_ws/install/dynamic_obstacle_avoidance:/home/kits/ros2_ws/install/dynamic_obstacle_avoidance:/opt/ros/humble /usr/bin/cmake --build /home/kits/turtlebot3_ws/build/turtlebot3_simulations -- -j16 -l16
[0.462s] Invoked command in '/home/kits/turtlebot3_ws/build/turtlebot3_simulations' returned '0': AMENT_PREFIX_PATH=/home/kits/turtlebot3_ws/install/turtlebot3_manipulation_gazebo:/home/kits/turtlebot3_ws/install/turtlebot3_gazebo:/home/kits/turtlebot3_ws/install/turtlebot3_fake_node:${AMENT_PREFIX_PATH} CMAKE_PREFIX_PATH=/home/kits/turtlebot3_ws/install/turtlebot3_manipulation_gazebo:/home/kits/turtlebot3_ws/install/turtlebot3_gazebo:/home/kits/turtlebot3_ws/install/turtlebot3_fake_node:/home/kits/turtlebot3_ws/install/dynamic_obstacle_avoidance:/home/kits/ros2_ws/install/dynamic_obstacle_avoidance:/opt/ros/humble /usr/bin/cmake --build /home/kits/turtlebot3_ws/build/turtlebot3_simulations -- -j16 -l16
[0.462s] Invoking command in '/home/kits/turtlebot3_ws/build/turtlebot3_simulations': AMENT_PREFIX_PATH=/home/kits/turtlebot3_ws/install/turtlebot3_manipulation_gazebo:/home/kits/turtlebot3_ws/install/turtlebot3_gazebo:/home/kits/turtlebot3_ws/install/turtlebot3_fake_node:${AMENT_PREFIX_PATH} CMAKE_PREFIX_PATH=/home/kits/turtlebot3_ws/install/turtlebot3_manipulation_gazebo:/home/kits/turtlebot3_ws/install/turtlebot3_gazebo:/home/kits/turtlebot3_ws/install/turtlebot3_fake_node:/home/kits/turtlebot3_ws/install/dynamic_obstacle_avoidance:/home/kits/ros2_ws/install/dynamic_obstacle_avoidance:/opt/ros/humble /usr/bin/cmake --install /home/kits/turtlebot3_ws/build/turtlebot3_simulations
[0.466s] -- Install configuration: ""
[0.466s] -- Installing: /home/kits/turtlebot3_ws/install/turtlebot3_simulations/share/ament_index/resource_index/package_run_dependencies/turtlebot3_simulations
[0.466s] -- Installing: /home/kits/turtlebot3_ws/install/turtlebot3_simulations/share/ament_index/resource_index/parent_prefix_path/turtlebot3_simulations
[0.466s] -- Installing: /home/kits/turtlebot3_ws/install/turtlebot3_simulations/share/turtlebot3_simulations/environment/ament_prefix_path.sh
[0.466s] -- Installing: /home/kits/turtlebot3_ws/install/turtlebot3_simulations/share/turtlebot3_simulations/environment/ament_prefix_path.dsv
[0.466s] -- Installing: /home/kits/turtlebot3_ws/install/turtlebot3_simulations/share/turtlebot3_simulations/environment/path.sh
[0.466s] -- Installing: /home/kits/turtlebot3_ws/install/turtlebot3_simulations/share/turtlebot3_simulations/environment/path.dsv
[0.466s] -- Installing: /home/kits/turtlebot3_ws/install/turtlebot3_simulations/share/turtlebot3_simulations/local_setup.bash
[0.466s] -- Installing: /home/kits/turtlebot3_ws/install/turtlebot3_simulations/share/turtlebot3_simulations/local_setup.sh
[0.466s] -- Installing: /home/kits/turtlebot3_ws/install/turtlebot3_simulations/share/turtlebot3_simulations/local_setup.zsh
[0.466s] -- Installing: /home/kits/turtlebot3_ws/install/turtlebot3_simulations/share/turtlebot3_simulations/local_setup.dsv
[0.466s] -- Installing: /home/kits/turtlebot3_ws/install/turtlebot3_simulations/share/turtlebot3_simulations/package.dsv
[0.466s] -- Installing: /home/kits/turtlebot3_ws/install/turtlebot3_simulations/share/ament_index/resource_index/packages/turtlebot3_simulations
[0.466s] -- Installing: /home/kits/turtlebot3_ws/install/turtlebot3_simulations/share/turtlebot3_simulations/cmake/turtlebot3_simulationsConfig.cmake
[0.466s] -- Installing: /home/kits/turtlebot3_ws/install/turtlebot3_simulations/share/turtlebot3_simulations/cmake/turtlebot3_simulationsConfig-version.cmake
[0.467s] -- Installing: /home/kits/turtlebot3_ws/install/turtlebot3_simulations/share/turtlebot3_simulations/package.xml
[0.468s] Invoked command in '/home/kits/turtlebot3_ws/build/turtlebot3_simulations' returned '0': AMENT_PREFIX_PATH=/home/kits/turtlebot3_ws/install/turtlebot3_manipulation_gazebo:/home/kits/turtlebot3_ws/install/turtlebot3_gazebo:/home/kits/turtlebot3_ws/install/turtlebot3_fake_node:${AMENT_PREFIX_PATH} CMAKE_PREFIX_PATH=/home/kits/turtlebot3_ws/install/turtlebot3_manipulation_gazebo:/home/kits/turtlebot3_ws/install/turtlebot3_gazebo:/home/kits/turtlebot3_ws/install/turtlebot3_fake_node:/home/kits/turtlebot3_ws/install/dynamic_obstacle_avoidance:/home/kits/ros2_ws/install/dynamic_obstacle_avoidance:/opt/ros/humble /usr/bin/cmake --install /home/kits/turtlebot3_ws/build/turtlebot3_simulations
