[0.385s] Invoking command in '/home/kits/turtlebot3_ws/src/dynamic_obstacle_avoidance': PYTHONPATH=/home/kits/turtlebot3_ws/build/dynamic_obstacle_avoidance/prefix_override:/usr/lib/python3/dist-packages/colcon_core/task/python/colcon_distutils_commands:/home/kits/turtlebot3_ws/install/dynamic_obstacle_avoidance/lib/python3.10/site-packages:${PYTHONPATH} /usr/bin/python3 -W ignore:setup.py install is deprecated -W ignore:easy_install command is deprecated setup.py egg_info --egg-base ../../build/dynamic_obstacle_avoidance build --build-base /home/kits/turtlebot3_ws/build/dynamic_obstacle_avoidance/build install --record /home/kits/turtlebot3_ws/build/dynamic_obstacle_avoidance/install.log --single-version-externally-managed install_data
[0.521s] running egg_info
[0.522s] writing ../../build/dynamic_obstacle_avoidance/dynamic_obstacle_avoidance.egg-info/PKG-INFO
[0.522s] writing dependency_links to ../../build/dynamic_obstacle_avoidance/dynamic_obstacle_avoidance.egg-info/dependency_links.txt
[0.522s] writing entry points to ../../build/dynamic_obstacle_avoidance/dynamic_obstacle_avoidance.egg-info/entry_points.txt
[0.523s] writing requirements to ../../build/dynamic_obstacle_avoidance/dynamic_obstacle_avoidance.egg-info/requires.txt
[0.523s] writing top-level names to ../../build/dynamic_obstacle_avoidance/dynamic_obstacle_avoidance.egg-info/top_level.txt
[0.524s] reading manifest file '../../build/dynamic_obstacle_avoidance/dynamic_obstacle_avoidance.egg-info/SOURCES.txt'
[0.524s] writing manifest file '../../build/dynamic_obstacle_avoidance/dynamic_obstacle_avoidance.egg-info/SOURCES.txt'
[0.524s] running build
[0.524s] running build_py
[0.525s] running install
[0.525s] running install_lib
[0.526s] running install_data
[0.526s] copying launch/astar.launch.py -> /home/kits/turtlebot3_ws/install/dynamic_obstacle_avoidance/share/dynamic_obstacle_avoidance/launch
[0.526s] running install_egg_info
[0.527s] removing '/home/kits/turtlebot3_ws/install/dynamic_obstacle_avoidance/lib/python3.10/site-packages/dynamic_obstacle_avoidance-0.0.0-py3.10.egg-info' (and everything under it)
[0.528s] Copying ../../build/dynamic_obstacle_avoidance/dynamic_obstacle_avoidance.egg-info to /home/kits/turtlebot3_ws/install/dynamic_obstacle_avoidance/lib/python3.10/site-packages/dynamic_obstacle_avoidance-0.0.0-py3.10.egg-info
[0.528s] running install_scripts
[0.541s] Installing astar_navigation_controller script to /home/kits/turtlebot3_ws/install/dynamic_obstacle_avoidance/lib/dynamic_obstacle_avoidance
[0.541s] Installing goal_setter script to /home/kits/turtlebot3_ws/install/dynamic_obstacle_avoidance/lib/dynamic_obstacle_avoidance
[0.541s] Installing obstacle_spawner script to /home/kits/turtlebot3_ws/install/dynamic_obstacle_avoidance/lib/dynamic_obstacle_avoidance
[0.541s] Installing simple_controller script to /home/kits/turtlebot3_ws/install/dynamic_obstacle_avoidance/lib/dynamic_obstacle_avoidance
[0.541s] writing list of installed files to '/home/kits/turtlebot3_ws/build/dynamic_obstacle_avoidance/install.log'
[0.555s] Invoked command in '/home/kits/turtlebot3_ws/src/dynamic_obstacle_avoidance' returned '0': PYTHONPATH=/home/kits/turtlebot3_ws/build/dynamic_obstacle_avoidance/prefix_override:/usr/lib/python3/dist-packages/colcon_core/task/python/colcon_distutils_commands:/home/kits/turtlebot3_ws/install/dynamic_obstacle_avoidance/lib/python3.10/site-packages:${PYTHONPATH} /usr/bin/python3 -W ignore:setup.py install is deprecated -W ignore:easy_install command is deprecated setup.py egg_info --egg-base ../../build/dynamic_obstacle_avoidance build --build-base /home/kits/turtlebot3_ws/build/dynamic_obstacle_avoidance/build install --record /home/kits/turtlebot3_ws/build/dynamic_obstacle_avoidance/install.log --single-version-externally-managed install_data
