[0.062s] DEBUG:colcon:Command line arguments: ['/usr/bin/colcon', 'build']
[0.062s] DEBUG:colcon:Parsed command line arguments: Namespace(log_base=None, log_level=None, verb_name='build', build_base='build', install_base='install', merge_install=False, symlink_install=False, test_result_base=None, continue_on_error=False, executor='parallel', parallel_workers=16, event_handlers=None, ignore_user_meta=False, metas=['./colcon.meta'], base_paths=['.'], packages_ignore=None, packages_ignore_regex=None, paths=None, packages_up_to=None, packages_up_to_regex=None, packages_above=None, packages_above_and_dependencies=None, packages_above_depth=None, packages_select_by_dep=None, packages_skip_by_dep=None, packages_skip_up_to=None, packages_select_build_failed=False, packages_skip_build_finished=False, packages_select_test_failures=False, packages_skip_test_passed=False, packages_select=None, packages_skip=None, packages_select_regex=None, packages_skip_regex=None, packages_start=None, packages_end=None, allow_overriding=[], cmake_args=None, cmake_target=None, cmake_target_skip_unavailable=False, cmake_clean_cache=False, cmake_clean_first=False, cmake_force_configure=False, ament_cmake_args=None, catkin_cmake_args=None, catkin_skip_building_tests=False, mixin_files=None, mixin=None, verb_parser=<colcon_mixin.mixin.mixin_argument.MixinArgumentDecorator object at 0x7c63f4c0ff70>, verb_extension=<colcon_core.verb.build.BuildVerb object at 0x7c63f4c0f8e0>, main=<bound method BuildVerb.main of <colcon_core.verb.build.BuildVerb object at 0x7c63f4c0f8e0>>, mixin_verb=('build',))
[0.153s] Level 1:colcon.colcon_core.package_discovery:discover_packages(colcon_meta) check parameters
[0.153s] Level 1:colcon.colcon_core.package_discovery:discover_packages(recursive) check parameters
[0.153s] Level 1:colcon.colcon_core.package_discovery:discover_packages(ignore) check parameters
[0.153s] Level 1:colcon.colcon_core.package_discovery:discover_packages(path) check parameters
[0.153s] Level 1:colcon.colcon_core.package_discovery:discover_packages(colcon_meta) discover
[0.153s] Level 1:colcon.colcon_core.package_discovery:discover_packages(recursive) discover
[0.153s] INFO:colcon.colcon_core.package_discovery:Crawling recursively for packages in '/home/kits/turtlebot3_ws'
[0.153s] Level 1:colcon.colcon_core.package_identification:_identify(.) by extensions ['ignore', 'ignore_ament_install']
[0.153s] Level 1:colcon.colcon_core.package_identification:_identify(.) by extension 'ignore'
[0.153s] Level 1:colcon.colcon_core.package_identification:_identify(.) by extension 'ignore_ament_install'
[0.153s] Level 1:colcon.colcon_core.package_identification:_identify(.) by extensions ['colcon_pkg']
[0.153s] Level 1:colcon.colcon_core.package_identification:_identify(.) by extension 'colcon_pkg'
[0.153s] Level 1:colcon.colcon_core.package_identification:_identify(.) by extensions ['colcon_meta']
[0.153s] Level 1:colcon.colcon_core.package_identification:_identify(.) by extension 'colcon_meta'
[0.153s] Level 1:colcon.colcon_core.package_identification:_identify(.) by extensions ['ros']
[0.153s] Level 1:colcon.colcon_core.package_identification:_identify(.) by extension 'ros'
[0.159s] Level 1:colcon.colcon_core.package_identification:_identify(.) by extensions ['cmake', 'python']
[0.160s] Level 1:colcon.colcon_core.package_identification:_identify(.) by extension 'cmake'
[0.160s] Level 1:colcon.colcon_core.package_identification:_identify(.) by extension 'python'
[0.160s] Level 1:colcon.colcon_core.package_identification:_identify(.) by extensions ['python_setup_py']
[0.160s] Level 1:colcon.colcon_core.package_identification:_identify(.) by extension 'python_setup_py'
[0.160s] Level 1:colcon.colcon_core.package_identification:_identify(build) by extensions ['ignore', 'ignore_ament_install']
[0.160s] Level 1:colcon.colcon_core.package_identification:_identify(build) by extension 'ignore'
[0.160s] Level 1:colcon.colcon_core.package_identification:_identify(build) ignored
[0.160s] Level 1:colcon.colcon_core.package_identification:_identify(install) by extensions ['ignore', 'ignore_ament_install']
[0.160s] Level 1:colcon.colcon_core.package_identification:_identify(install) by extension 'ignore'
[0.160s] Level 1:colcon.colcon_core.package_identification:_identify(install) ignored
[0.160s] Level 1:colcon.colcon_core.package_identification:_identify(log) by extensions ['ignore', 'ignore_ament_install']
[0.160s] Level 1:colcon.colcon_core.package_identification:_identify(log) by extension 'ignore'
[0.160s] Level 1:colcon.colcon_core.package_identification:_identify(log) ignored
[0.160s] Level 1:colcon.colcon_core.package_identification:_identify(src) by extensions ['ignore', 'ignore_ament_install']
[0.160s] Level 1:colcon.colcon_core.package_identification:_identify(src) by extension 'ignore'
[0.160s] Level 1:colcon.colcon_core.package_identification:_identify(src) by extension 'ignore_ament_install'
[0.160s] Level 1:colcon.colcon_core.package_identification:_identify(src) by extensions ['colcon_pkg']
[0.160s] Level 1:colcon.colcon_core.package_identification:_identify(src) by extension 'colcon_pkg'
[0.160s] Level 1:colcon.colcon_core.package_identification:_identify(src) by extensions ['colcon_meta']
[0.160s] Level 1:colcon.colcon_core.package_identification:_identify(src) by extension 'colcon_meta'
[0.160s] Level 1:colcon.colcon_core.package_identification:_identify(src) by extensions ['ros']
[0.160s] Level 1:colcon.colcon_core.package_identification:_identify(src) by extension 'ros'
[0.160s] Level 1:colcon.colcon_core.package_identification:_identify(src) by extensions ['cmake', 'python']
[0.160s] Level 1:colcon.colcon_core.package_identification:_identify(src) by extension 'cmake'
[0.160s] Level 1:colcon.colcon_core.package_identification:_identify(src) by extension 'python'
[0.160s] Level 1:colcon.colcon_core.package_identification:_identify(src) by extensions ['python_setup_py']
[0.160s] Level 1:colcon.colcon_core.package_identification:_identify(src) by extension 'python_setup_py'
[0.160s] Level 1:colcon.colcon_core.package_identification:_identify(src/dynamic_obstacle_avoidance) by extensions ['ignore', 'ignore_ament_install']
[0.160s] Level 1:colcon.colcon_core.package_identification:_identify(src/dynamic_obstacle_avoidance) by extension 'ignore'
[0.160s] Level 1:colcon.colcon_core.package_identification:_identify(src/dynamic_obstacle_avoidance) by extension 'ignore_ament_install'
[0.160s] Level 1:colcon.colcon_core.package_identification:_identify(src/dynamic_obstacle_avoidance) by extensions ['colcon_pkg']
[0.160s] Level 1:colcon.colcon_core.package_identification:_identify(src/dynamic_obstacle_avoidance) by extension 'colcon_pkg'
[0.160s] Level 1:colcon.colcon_core.package_identification:_identify(src/dynamic_obstacle_avoidance) by extensions ['colcon_meta']
[0.160s] Level 1:colcon.colcon_core.package_identification:_identify(src/dynamic_obstacle_avoidance) by extension 'colcon_meta'
[0.160s] Level 1:colcon.colcon_core.package_identification:_identify(src/dynamic_obstacle_avoidance) by extensions ['ros']
[0.161s] Level 1:colcon.colcon_core.package_identification:_identify(src/dynamic_obstacle_avoidance) by extension 'ros'
[0.162s] DEBUG:colcon.colcon_core.package_identification:Package 'src/dynamic_obstacle_avoidance' with type 'ros.ament_python' and name 'dynamic_obstacle_avoidance'
[0.162s] Level 1:colcon.colcon_core.package_identification:_identify(src/turtlebot3_simulations) by extensions ['ignore', 'ignore_ament_install']
[0.162s] Level 1:colcon.colcon_core.package_identification:_identify(src/turtlebot3_simulations) by extension 'ignore'
[0.162s] Level 1:colcon.colcon_core.package_identification:_identify(src/turtlebot3_simulations) by extension 'ignore_ament_install'
[0.162s] Level 1:colcon.colcon_core.package_identification:_identify(src/turtlebot3_simulations) by extensions ['colcon_pkg']
[0.162s] Level 1:colcon.colcon_core.package_identification:_identify(src/turtlebot3_simulations) by extension 'colcon_pkg'
[0.162s] Level 1:colcon.colcon_core.package_identification:_identify(src/turtlebot3_simulations) by extensions ['colcon_meta']
[0.162s] Level 1:colcon.colcon_core.package_identification:_identify(src/turtlebot3_simulations) by extension 'colcon_meta'
[0.162s] Level 1:colcon.colcon_core.package_identification:_identify(src/turtlebot3_simulations) by extensions ['ros']
[0.162s] Level 1:colcon.colcon_core.package_identification:_identify(src/turtlebot3_simulations) by extension 'ros'
[0.162s] Level 1:colcon.colcon_core.package_identification:_identify(src/turtlebot3_simulations) by extensions ['cmake', 'python']
[0.162s] Level 1:colcon.colcon_core.package_identification:_identify(src/turtlebot3_simulations) by extension 'cmake'
[0.162s] Level 1:colcon.colcon_core.package_identification:_identify(src/turtlebot3_simulations) by extension 'python'
[0.162s] Level 1:colcon.colcon_core.package_identification:_identify(src/turtlebot3_simulations) by extensions ['python_setup_py']
[0.162s] Level 1:colcon.colcon_core.package_identification:_identify(src/turtlebot3_simulations) by extension 'python_setup_py'
[0.163s] Level 1:colcon.colcon_core.package_identification:_identify(src/turtlebot3_simulations/turtlebot3_fake_node) by extensions ['ignore', 'ignore_ament_install']
[0.163s] Level 1:colcon.colcon_core.package_identification:_identify(src/turtlebot3_simulations/turtlebot3_fake_node) by extension 'ignore'
[0.163s] Level 1:colcon.colcon_core.package_identification:_identify(src/turtlebot3_simulations/turtlebot3_fake_node) by extension 'ignore_ament_install'
[0.163s] Level 1:colcon.colcon_core.package_identification:_identify(src/turtlebot3_simulations/turtlebot3_fake_node) by extensions ['colcon_pkg']
[0.163s] Level 1:colcon.colcon_core.package_identification:_identify(src/turtlebot3_simulations/turtlebot3_fake_node) by extension 'colcon_pkg'
[0.163s] Level 1:colcon.colcon_core.package_identification:_identify(src/turtlebot3_simulations/turtlebot3_fake_node) by extensions ['colcon_meta']
[0.163s] Level 1:colcon.colcon_core.package_identification:_identify(src/turtlebot3_simulations/turtlebot3_fake_node) by extension 'colcon_meta'
[0.163s] Level 1:colcon.colcon_core.package_identification:_identify(src/turtlebot3_simulations/turtlebot3_fake_node) by extensions ['ros']
[0.163s] Level 1:colcon.colcon_core.package_identification:_identify(src/turtlebot3_simulations/turtlebot3_fake_node) by extension 'ros'
[0.164s] DEBUG:colcon.colcon_core.package_identification:Package 'src/turtlebot3_simulations/turtlebot3_fake_node' with type 'ros.ament_cmake' and name 'turtlebot3_fake_node'
[0.164s] Level 1:colcon.colcon_core.package_identification:_identify(src/turtlebot3_simulations/turtlebot3_gazebo) by extensions ['ignore', 'ignore_ament_install']
[0.164s] Level 1:colcon.colcon_core.package_identification:_identify(src/turtlebot3_simulations/turtlebot3_gazebo) by extension 'ignore'
[0.164s] Level 1:colcon.colcon_core.package_identification:_identify(src/turtlebot3_simulations/turtlebot3_gazebo) by extension 'ignore_ament_install'
[0.164s] Level 1:colcon.colcon_core.package_identification:_identify(src/turtlebot3_simulations/turtlebot3_gazebo) by extensions ['colcon_pkg']
[0.164s] Level 1:colcon.colcon_core.package_identification:_identify(src/turtlebot3_simulations/turtlebot3_gazebo) by extension 'colcon_pkg'
[0.164s] Level 1:colcon.colcon_core.package_identification:_identify(src/turtlebot3_simulations/turtlebot3_gazebo) by extensions ['colcon_meta']
[0.164s] Level 1:colcon.colcon_core.package_identification:_identify(src/turtlebot3_simulations/turtlebot3_gazebo) by extension 'colcon_meta'
[0.164s] Level 1:colcon.colcon_core.package_identification:_identify(src/turtlebot3_simulations/turtlebot3_gazebo) by extensions ['ros']
[0.164s] Level 1:colcon.colcon_core.package_identification:_identify(src/turtlebot3_simulations/turtlebot3_gazebo) by extension 'ros'
[0.165s] DEBUG:colcon.colcon_core.package_identification:Package 'src/turtlebot3_simulations/turtlebot3_gazebo' with type 'ros.ament_cmake' and name 'turtlebot3_gazebo'
[0.165s] Level 1:colcon.colcon_core.package_identification:_identify(src/turtlebot3_simulations/turtlebot3_manipulation_gazebo) by extensions ['ignore', 'ignore_ament_install']
[0.165s] Level 1:colcon.colcon_core.package_identification:_identify(src/turtlebot3_simulations/turtlebot3_manipulation_gazebo) by extension 'ignore'
[0.165s] Level 1:colcon.colcon_core.package_identification:_identify(src/turtlebot3_simulations/turtlebot3_manipulation_gazebo) by extension 'ignore_ament_install'
[0.165s] Level 1:colcon.colcon_core.package_identification:_identify(src/turtlebot3_simulations/turtlebot3_manipulation_gazebo) by extensions ['colcon_pkg']
[0.165s] Level 1:colcon.colcon_core.package_identification:_identify(src/turtlebot3_simulations/turtlebot3_manipulation_gazebo) by extension 'colcon_pkg'
[0.165s] Level 1:colcon.colcon_core.package_identification:_identify(src/turtlebot3_simulations/turtlebot3_manipulation_gazebo) by extensions ['colcon_meta']
[0.165s] Level 1:colcon.colcon_core.package_identification:_identify(src/turtlebot3_simulations/turtlebot3_manipulation_gazebo) by extension 'colcon_meta'
[0.165s] Level 1:colcon.colcon_core.package_identification:_identify(src/turtlebot3_simulations/turtlebot3_manipulation_gazebo) by extensions ['ros']
[0.165s] Level 1:colcon.colcon_core.package_identification:_identify(src/turtlebot3_simulations/turtlebot3_manipulation_gazebo) by extension 'ros'
[0.165s] DEBUG:colcon.colcon_core.package_identification:Package 'src/turtlebot3_simulations/turtlebot3_manipulation_gazebo' with type 'ros.ament_cmake' and name 'turtlebot3_manipulation_gazebo'
[0.165s] Level 1:colcon.colcon_core.package_identification:_identify(src/turtlebot3_simulations/turtlebot3_simulations) by extensions ['ignore', 'ignore_ament_install']
[0.165s] Level 1:colcon.colcon_core.package_identification:_identify(src/turtlebot3_simulations/turtlebot3_simulations) by extension 'ignore'
[0.165s] Level 1:colcon.colcon_core.package_identification:_identify(src/turtlebot3_simulations/turtlebot3_simulations) by extension 'ignore_ament_install'
[0.165s] Level 1:colcon.colcon_core.package_identification:_identify(src/turtlebot3_simulations/turtlebot3_simulations) by extensions ['colcon_pkg']
[0.165s] Level 1:colcon.colcon_core.package_identification:_identify(src/turtlebot3_simulations/turtlebot3_simulations) by extension 'colcon_pkg'
[0.165s] Level 1:colcon.colcon_core.package_identification:_identify(src/turtlebot3_simulations/turtlebot3_simulations) by extensions ['colcon_meta']
[0.165s] Level 1:colcon.colcon_core.package_identification:_identify(src/turtlebot3_simulations/turtlebot3_simulations) by extension 'colcon_meta'
[0.165s] Level 1:colcon.colcon_core.package_identification:_identify(src/turtlebot3_simulations/turtlebot3_simulations) by extensions ['ros']
[0.165s] Level 1:colcon.colcon_core.package_identification:_identify(src/turtlebot3_simulations/turtlebot3_simulations) by extension 'ros'
[0.171s] DEBUG:colcon.colcon_core.package_identification:Package 'src/turtlebot3_simulations/turtlebot3_simulations' with type 'ros.ament_cmake' and name 'turtlebot3_simulations'
[0.171s] Level 1:colcon.colcon_core.package_discovery:discover_packages(recursive) using defaults
[0.171s] Level 1:colcon.colcon_core.package_discovery:discover_packages(ignore) discover
[0.171s] Level 1:colcon.colcon_core.package_discovery:discover_packages(ignore) using defaults
[0.171s] Level 1:colcon.colcon_core.package_discovery:discover_packages(path) discover
[0.171s] Level 1:colcon.colcon_core.package_discovery:discover_packages(path) using defaults
[0.183s] Level 1:colcon.colcon_core.package_discovery:discover_packages(prefix_path) check parameters
[0.183s] Level 1:colcon.colcon_core.package_discovery:discover_packages(prefix_path) discover
[0.184s] DEBUG:colcon.colcon_installed_package_information.package_discovery:Found 1 installed packages in /home/kits/turtlebot3_ws/install
[0.184s] DEBUG:colcon.colcon_installed_package_information.package_discovery:Found 1 installed packages in /home/kits/ros2_ws/install
[0.185s] DEBUG:colcon.colcon_installed_package_information.package_discovery:Found 451 installed packages in /opt/ros/humble
[0.186s] Level 1:colcon.colcon_core.package_discovery:discover_packages(prefix_path) using defaults
[0.214s] Level 5:colcon.colcon_core.verb:set package 'dynamic_obstacle_avoidance' build argument 'cmake_args' from command line to 'None'
[0.214s] Level 5:colcon.colcon_core.verb:set package 'dynamic_obstacle_avoidance' build argument 'cmake_target' from command line to 'None'
[0.214s] Level 5:colcon.colcon_core.verb:set package 'dynamic_obstacle_avoidance' build argument 'cmake_target_skip_unavailable' from command line to 'False'
[0.214s] Level 5:colcon.colcon_core.verb:set package 'dynamic_obstacle_avoidance' build argument 'cmake_clean_cache' from command line to 'False'
[0.214s] Level 5:colcon.colcon_core.verb:set package 'dynamic_obstacle_avoidance' build argument 'cmake_clean_first' from command line to 'False'
[0.214s] Level 5:colcon.colcon_core.verb:set package 'dynamic_obstacle_avoidance' build argument 'cmake_force_configure' from command line to 'False'
[0.214s] Level 5:colcon.colcon_core.verb:set package 'dynamic_obstacle_avoidance' build argument 'ament_cmake_args' from command line to 'None'
[0.214s] Level 5:colcon.colcon_core.verb:set package 'dynamic_obstacle_avoidance' build argument 'catkin_cmake_args' from command line to 'None'
[0.214s] Level 5:colcon.colcon_core.verb:set package 'dynamic_obstacle_avoidance' build argument 'catkin_skip_building_tests' from command line to 'False'
[0.214s] DEBUG:colcon.colcon_core.verb:Building package 'dynamic_obstacle_avoidance' with the following arguments: {'ament_cmake_args': None, 'build_base': '/home/kits/turtlebot3_ws/build/dynamic_obstacle_avoidance', 'catkin_cmake_args': None, 'catkin_skip_building_tests': False, 'cmake_args': None, 'cmake_clean_cache': False, 'cmake_clean_first': False, 'cmake_force_configure': False, 'cmake_target': None, 'cmake_target_skip_unavailable': False, 'install_base': '/home/kits/turtlebot3_ws/install/dynamic_obstacle_avoidance', 'merge_install': False, 'path': '/home/kits/turtlebot3_ws/src/dynamic_obstacle_avoidance', 'symlink_install': False, 'test_result_base': None}
[0.214s] Level 5:colcon.colcon_core.verb:set package 'turtlebot3_fake_node' build argument 'cmake_args' from command line to 'None'
[0.214s] Level 5:colcon.colcon_core.verb:set package 'turtlebot3_fake_node' build argument 'cmake_target' from command line to 'None'
[0.214s] Level 5:colcon.colcon_core.verb:set package 'turtlebot3_fake_node' build argument 'cmake_target_skip_unavailable' from command line to 'False'
[0.214s] Level 5:colcon.colcon_core.verb:set package 'turtlebot3_fake_node' build argument 'cmake_clean_cache' from command line to 'False'
[0.215s] Level 5:colcon.colcon_core.verb:set package 'turtlebot3_fake_node' build argument 'cmake_clean_first' from command line to 'False'
[0.215s] Level 5:colcon.colcon_core.verb:set package 'turtlebot3_fake_node' build argument 'cmake_force_configure' from command line to 'False'
[0.215s] Level 5:colcon.colcon_core.verb:set package 'turtlebot3_fake_node' build argument 'ament_cmake_args' from command line to 'None'
[0.215s] Level 5:colcon.colcon_core.verb:set package 'turtlebot3_fake_node' build argument 'catkin_cmake_args' from command line to 'None'
[0.215s] Level 5:colcon.colcon_core.verb:set package 'turtlebot3_fake_node' build argument 'catkin_skip_building_tests' from command line to 'False'
[0.215s] DEBUG:colcon.colcon_core.verb:Building package 'turtlebot3_fake_node' with the following arguments: {'ament_cmake_args': None, 'build_base': '/home/kits/turtlebot3_ws/build/turtlebot3_fake_node', 'catkin_cmake_args': None, 'catkin_skip_building_tests': False, 'cmake_args': None, 'cmake_clean_cache': False, 'cmake_clean_first': False, 'cmake_force_configure': False, 'cmake_target': None, 'cmake_target_skip_unavailable': False, 'install_base': '/home/kits/turtlebot3_ws/install/turtlebot3_fake_node', 'merge_install': False, 'path': '/home/kits/turtlebot3_ws/src/turtlebot3_simulations/turtlebot3_fake_node', 'symlink_install': False, 'test_result_base': None}
[0.215s] Level 5:colcon.colcon_core.verb:set package 'turtlebot3_gazebo' build argument 'cmake_args' from command line to 'None'
[0.215s] Level 5:colcon.colcon_core.verb:set package 'turtlebot3_gazebo' build argument 'cmake_target' from command line to 'None'
[0.215s] Level 5:colcon.colcon_core.verb:set package 'turtlebot3_gazebo' build argument 'cmake_target_skip_unavailable' from command line to 'False'
[0.215s] Level 5:colcon.colcon_core.verb:set package 'turtlebot3_gazebo' build argument 'cmake_clean_cache' from command line to 'False'
[0.215s] Level 5:colcon.colcon_core.verb:set package 'turtlebot3_gazebo' build argument 'cmake_clean_first' from command line to 'False'
[0.215s] Level 5:colcon.colcon_core.verb:set package 'turtlebot3_gazebo' build argument 'cmake_force_configure' from command line to 'False'
[0.215s] Level 5:colcon.colcon_core.verb:set package 'turtlebot3_gazebo' build argument 'ament_cmake_args' from command line to 'None'
[0.215s] Level 5:colcon.colcon_core.verb:set package 'turtlebot3_gazebo' build argument 'catkin_cmake_args' from command line to 'None'
[0.215s] Level 5:colcon.colcon_core.verb:set package 'turtlebot3_gazebo' build argument 'catkin_skip_building_tests' from command line to 'False'
[0.215s] DEBUG:colcon.colcon_core.verb:Building package 'turtlebot3_gazebo' with the following arguments: {'ament_cmake_args': None, 'build_base': '/home/kits/turtlebot3_ws/build/turtlebot3_gazebo', 'catkin_cmake_args': None, 'catkin_skip_building_tests': False, 'cmake_args': None, 'cmake_clean_cache': False, 'cmake_clean_first': False, 'cmake_force_configure': False, 'cmake_target': None, 'cmake_target_skip_unavailable': False, 'install_base': '/home/kits/turtlebot3_ws/install/turtlebot3_gazebo', 'merge_install': False, 'path': '/home/kits/turtlebot3_ws/src/turtlebot3_simulations/turtlebot3_gazebo', 'symlink_install': False, 'test_result_base': None}
[0.215s] Level 5:colcon.colcon_core.verb:set package 'turtlebot3_manipulation_gazebo' build argument 'cmake_args' from command line to 'None'
[0.215s] Level 5:colcon.colcon_core.verb:set package 'turtlebot3_manipulation_gazebo' build argument 'cmake_target' from command line to 'None'
[0.215s] Level 5:colcon.colcon_core.verb:set package 'turtlebot3_manipulation_gazebo' build argument 'cmake_target_skip_unavailable' from command line to 'False'
[0.215s] Level 5:colcon.colcon_core.verb:set package 'turtlebot3_manipulation_gazebo' build argument 'cmake_clean_cache' from command line to 'False'
[0.215s] Level 5:colcon.colcon_core.verb:set package 'turtlebot3_manipulation_gazebo' build argument 'cmake_clean_first' from command line to 'False'
[0.215s] Level 5:colcon.colcon_core.verb:set package 'turtlebot3_manipulation_gazebo' build argument 'cmake_force_configure' from command line to 'False'
[0.215s] Level 5:colcon.colcon_core.verb:set package 'turtlebot3_manipulation_gazebo' build argument 'ament_cmake_args' from command line to 'None'
[0.215s] Level 5:colcon.colcon_core.verb:set package 'turtlebot3_manipulation_gazebo' build argument 'catkin_cmake_args' from command line to 'None'
[0.215s] Level 5:colcon.colcon_core.verb:set package 'turtlebot3_manipulation_gazebo' build argument 'catkin_skip_building_tests' from command line to 'False'
[0.215s] DEBUG:colcon.colcon_core.verb:Building package 'turtlebot3_manipulation_gazebo' with the following arguments: {'ament_cmake_args': None, 'build_base': '/home/kits/turtlebot3_ws/build/turtlebot3_manipulation_gazebo', 'catkin_cmake_args': None, 'catkin_skip_building_tests': False, 'cmake_args': None, 'cmake_clean_cache': False, 'cmake_clean_first': False, 'cmake_force_configure': False, 'cmake_target': None, 'cmake_target_skip_unavailable': False, 'install_base': '/home/kits/turtlebot3_ws/install/turtlebot3_manipulation_gazebo', 'merge_install': False, 'path': '/home/kits/turtlebot3_ws/src/turtlebot3_simulations/turtlebot3_manipulation_gazebo', 'symlink_install': False, 'test_result_base': None}
[0.215s] Level 5:colcon.colcon_core.verb:set package 'turtlebot3_simulations' build argument 'cmake_args' from command line to 'None'
[0.215s] Level 5:colcon.colcon_core.verb:set package 'turtlebot3_simulations' build argument 'cmake_target' from command line to 'None'
[0.215s] Level 5:colcon.colcon_core.verb:set package 'turtlebot3_simulations' build argument 'cmake_target_skip_unavailable' from command line to 'False'
[0.215s] Level 5:colcon.colcon_core.verb:set package 'turtlebot3_simulations' build argument 'cmake_clean_cache' from command line to 'False'
[0.215s] Level 5:colcon.colcon_core.verb:set package 'turtlebot3_simulations' build argument 'cmake_clean_first' from command line to 'False'
[0.215s] Level 5:colcon.colcon_core.verb:set package 'turtlebot3_simulations' build argument 'cmake_force_configure' from command line to 'False'
[0.215s] Level 5:colcon.colcon_core.verb:set package 'turtlebot3_simulations' build argument 'ament_cmake_args' from command line to 'None'
[0.215s] Level 5:colcon.colcon_core.verb:set package 'turtlebot3_simulations' build argument 'catkin_cmake_args' from command line to 'None'
[0.215s] Level 5:colcon.colcon_core.verb:set package 'turtlebot3_simulations' build argument 'catkin_skip_building_tests' from command line to 'False'
[0.215s] DEBUG:colcon.colcon_core.verb:Building package 'turtlebot3_simulations' with the following arguments: {'ament_cmake_args': None, 'build_base': '/home/kits/turtlebot3_ws/build/turtlebot3_simulations', 'catkin_cmake_args': None, 'catkin_skip_building_tests': False, 'cmake_args': None, 'cmake_clean_cache': False, 'cmake_clean_first': False, 'cmake_force_configure': False, 'cmake_target': None, 'cmake_target_skip_unavailable': False, 'install_base': '/home/kits/turtlebot3_ws/install/turtlebot3_simulations', 'merge_install': False, 'path': '/home/kits/turtlebot3_ws/src/turtlebot3_simulations/turtlebot3_simulations', 'symlink_install': False, 'test_result_base': None}
[0.215s] INFO:colcon.colcon_core.executor:Executing jobs using 'parallel' executor
[0.216s] DEBUG:colcon.colcon_parallel_executor.executor.parallel:run_until_complete
[0.217s] INFO:colcon.colcon_ros.task.ament_cmake.build:Building ROS package in '/home/kits/turtlebot3_ws/src/turtlebot3_simulations/turtlebot3_fake_node' with build type 'ament_cmake'
[0.217s] INFO:colcon.colcon_cmake.task.cmake.build:Building CMake package in '/home/kits/turtlebot3_ws/src/turtlebot3_simulations/turtlebot3_fake_node'
[0.218s] INFO:colcon.colcon_core.plugin_system:Skipping extension 'colcon_core.shell.bat': Not used on non-Windows systems
[0.218s] INFO:colcon.colcon_core.shell:Skip shell extension 'powershell' for command environment: Not usable outside of PowerShell
[0.218s] DEBUG:colcon.colcon_core.shell:Skip shell extension 'dsv' for command environment
[0.220s] INFO:colcon.colcon_ros.task.ament_cmake.build:Building ROS package in '/home/kits/turtlebot3_ws/src/turtlebot3_simulations/turtlebot3_gazebo' with build type 'ament_cmake'
[0.220s] INFO:colcon.colcon_cmake.task.cmake.build:Building CMake package in '/home/kits/turtlebot3_ws/src/turtlebot3_simulations/turtlebot3_gazebo'
[0.220s] INFO:colcon.colcon_core.shell:Skip shell extension 'powershell' for command environment: Not usable outside of PowerShell
[0.220s] DEBUG:colcon.colcon_core.shell:Skip shell extension 'dsv' for command environment
[0.222s] INFO:colcon.colcon_ros.task.ament_cmake.build:Building ROS package in '/home/kits/turtlebot3_ws/src/turtlebot3_simulations/turtlebot3_manipulation_gazebo' with build type 'ament_cmake'
[0.222s] INFO:colcon.colcon_cmake.task.cmake.build:Building CMake package in '/home/kits/turtlebot3_ws/src/turtlebot3_simulations/turtlebot3_manipulation_gazebo'
[0.223s] INFO:colcon.colcon_core.shell:Skip shell extension 'powershell' for command environment: Not usable outside of PowerShell
[0.223s] DEBUG:colcon.colcon_core.shell:Skip shell extension 'dsv' for command environment
[0.225s] INFO:colcon.colcon_ros.task.ament_python.build:Building ROS package in '/home/kits/turtlebot3_ws/src/dynamic_obstacle_avoidance' with build type 'ament_python'
[0.225s] Level 1:colcon.colcon_core.shell:create_environment_hook('dynamic_obstacle_avoidance', 'ament_prefix_path')
[0.225s] INFO:colcon.colcon_core.shell:Creating environment hook '/home/kits/turtlebot3_ws/install/dynamic_obstacle_avoidance/share/dynamic_obstacle_avoidance/hook/ament_prefix_path.ps1'
[0.225s] INFO:colcon.colcon_core.shell:Creating environment descriptor '/home/kits/turtlebot3_ws/install/dynamic_obstacle_avoidance/share/dynamic_obstacle_avoidance/hook/ament_prefix_path.dsv'
[0.225s] INFO:colcon.colcon_core.shell:Creating environment hook '/home/kits/turtlebot3_ws/install/dynamic_obstacle_avoidance/share/dynamic_obstacle_avoidance/hook/ament_prefix_path.sh'
[0.226s] INFO:colcon.colcon_core.shell:Skip shell extension 'powershell' for command environment: Not usable outside of PowerShell
[0.226s] DEBUG:colcon.colcon_core.shell:Skip shell extension 'dsv' for command environment
[0.231s] DEBUG:colcon.colcon_core.event_handler.log_command:Invoking command in '/home/kits/turtlebot3_ws/build/turtlebot3_fake_node': CMAKE_PREFIX_PATH=/home/kits/turtlebot3_ws/install/dynamic_obstacle_avoidance:/home/kits/ros2_ws/install/dynamic_obstacle_avoidance:/opt/ros/humble /usr/bin/cmake /home/kits/turtlebot3_ws/src/turtlebot3_simulations/turtlebot3_fake_node -DCMAKE_INSTALL_PREFIX=/home/kits/turtlebot3_ws/install/turtlebot3_fake_node
[0.233s] DEBUG:colcon.colcon_core.event_handler.log_command:Invoking command in '/home/kits/turtlebot3_ws/build/turtlebot3_gazebo': CMAKE_PREFIX_PATH=/home/kits/turtlebot3_ws/install/dynamic_obstacle_avoidance:/home/kits/ros2_ws/install/dynamic_obstacle_avoidance:/opt/ros/humble /usr/bin/cmake /home/kits/turtlebot3_ws/src/turtlebot3_simulations/turtlebot3_gazebo -DCMAKE_INSTALL_PREFIX=/home/kits/turtlebot3_ws/install/turtlebot3_gazebo
[0.234s] DEBUG:colcon.colcon_core.event_handler.log_command:Invoking command in '/home/kits/turtlebot3_ws/build/turtlebot3_manipulation_gazebo': CMAKE_PREFIX_PATH=/home/kits/turtlebot3_ws/install/dynamic_obstacle_avoidance:/home/kits/ros2_ws/install/dynamic_obstacle_avoidance:/opt/ros/humble /usr/bin/cmake /home/kits/turtlebot3_ws/src/turtlebot3_simulations/turtlebot3_manipulation_gazebo -DCMAKE_INSTALL_PREFIX=/home/kits/turtlebot3_ws/install/turtlebot3_manipulation_gazebo
[0.383s] INFO:colcon.colcon_core.task.python.build:Building Python package in '/home/kits/turtlebot3_ws/src/dynamic_obstacle_avoidance'
[0.383s] INFO:colcon.colcon_core.shell:Skip shell extension 'powershell' for command environment: Not usable outside of PowerShell
[0.383s] DEBUG:colcon.colcon_core.shell:Skip shell extension 'dsv' for command environment
[0.599s] DEBUG:colcon.colcon_core.event_handler.log_command:Invoking command in '/home/kits/turtlebot3_ws/build/dynamic_obstacle_avoidance': PYTHONPATH=/home/kits/turtlebot3_ws/build/dynamic_obstacle_avoidance/prefix_override:/usr/lib/python3/dist-packages/colcon_core/task/python/colcon_distutils_commands:/home/kits/turtlebot3_ws/install/dynamic_obstacle_avoidance/lib/python3.10/site-packages:${PYTHONPATH} /usr/bin/python3 -W ignore:setup.py install is deprecated -W ignore:easy_install command is deprecated setup.py develop --uninstall --editable --build-directory /home/kits/turtlebot3_ws/build/dynamic_obstacle_avoidance/build
[0.833s] DEBUG:colcon.colcon_core.event_handler.log_command:Invoked command in '/home/kits/turtlebot3_ws/build/turtlebot3_manipulation_gazebo' returned '0': CMAKE_PREFIX_PATH=/home/kits/turtlebot3_ws/install/dynamic_obstacle_avoidance:/home/kits/ros2_ws/install/dynamic_obstacle_avoidance:/opt/ros/humble /usr/bin/cmake /home/kits/turtlebot3_ws/src/turtlebot3_simulations/turtlebot3_manipulation_gazebo -DCMAKE_INSTALL_PREFIX=/home/kits/turtlebot3_ws/install/turtlebot3_manipulation_gazebo
[0.834s] DEBUG:colcon.colcon_core.event_handler.log_command:Invoking command in '/home/kits/turtlebot3_ws/build/turtlebot3_manipulation_gazebo': CMAKE_PREFIX_PATH=/home/kits/turtlebot3_ws/install/dynamic_obstacle_avoidance:/home/kits/ros2_ws/install/dynamic_obstacle_avoidance:/opt/ros/humble /usr/bin/cmake --build /home/kits/turtlebot3_ws/build/turtlebot3_manipulation_gazebo -- -j16 -l16
[0.866s] DEBUG:colcon.colcon_core.event_handler.log_command:Invoked command in '/home/kits/turtlebot3_ws/build/turtlebot3_manipulation_gazebo' returned '0': CMAKE_PREFIX_PATH=/home/kits/turtlebot3_ws/install/dynamic_obstacle_avoidance:/home/kits/ros2_ws/install/dynamic_obstacle_avoidance:/opt/ros/humble /usr/bin/cmake --build /home/kits/turtlebot3_ws/build/turtlebot3_manipulation_gazebo -- -j16 -l16
[0.873s] DEBUG:colcon.colcon_core.event_handler.log_command:Invoking command in '/home/kits/turtlebot3_ws/build/turtlebot3_manipulation_gazebo': CMAKE_PREFIX_PATH=/home/kits/turtlebot3_ws/install/dynamic_obstacle_avoidance:/home/kits/ros2_ws/install/dynamic_obstacle_avoidance:/opt/ros/humble /usr/bin/cmake --install /home/kits/turtlebot3_ws/build/turtlebot3_manipulation_gazebo
[0.880s] DEBUG:colcon.colcon_core.event_handler.log_command:Invoked command in '/home/kits/turtlebot3_ws/build/dynamic_obstacle_avoidance' returned '0': PYTHONPATH=/home/kits/turtlebot3_ws/build/dynamic_obstacle_avoidance/prefix_override:/usr/lib/python3/dist-packages/colcon_core/task/python/colcon_distutils_commands:/home/kits/turtlebot3_ws/install/dynamic_obstacle_avoidance/lib/python3.10/site-packages:${PYTHONPATH} /usr/bin/python3 -W ignore:setup.py install is deprecated -W ignore:easy_install command is deprecated setup.py develop --uninstall --editable --build-directory /home/kits/turtlebot3_ws/build/dynamic_obstacle_avoidance/build
[0.882s] DEBUG:colcon.colcon_core.event_handler.log_command:Invoking command in '/home/kits/turtlebot3_ws/src/dynamic_obstacle_avoidance': PYTHONPATH=/home/kits/turtlebot3_ws/build/dynamic_obstacle_avoidance/prefix_override:/usr/lib/python3/dist-packages/colcon_core/task/python/colcon_distutils_commands:/home/kits/turtlebot3_ws/install/dynamic_obstacle_avoidance/lib/python3.10/site-packages:${PYTHONPATH} /usr/bin/python3 -W ignore:setup.py install is deprecated -W ignore:easy_install command is deprecated setup.py egg_info --egg-base ../../build/dynamic_obstacle_avoidance build --build-base /home/kits/turtlebot3_ws/build/dynamic_obstacle_avoidance/build install --record /home/kits/turtlebot3_ws/build/dynamic_obstacle_avoidance/install.log --single-version-externally-managed install_data --force
[0.921s] Level 1:colcon.colcon_core.environment:create_environment_scripts_only(turtlebot3_manipulation_gazebo)
[0.922s] DEBUG:colcon.colcon_core.event_handler.log_command:Invoked command in '/home/kits/turtlebot3_ws/build/turtlebot3_manipulation_gazebo' returned '0': CMAKE_PREFIX_PATH=/home/kits/turtlebot3_ws/install/dynamic_obstacle_avoidance:/home/kits/ros2_ws/install/dynamic_obstacle_avoidance:/opt/ros/humble /usr/bin/cmake --install /home/kits/turtlebot3_ws/build/turtlebot3_manipulation_gazebo
[0.924s] Level 1:colcon.colcon_core.environment:checking '/home/kits/turtlebot3_ws/install/turtlebot3_manipulation_gazebo' for CMake module files
[0.925s] Level 1:colcon.colcon_core.environment:checking '/home/kits/turtlebot3_ws/install/turtlebot3_manipulation_gazebo' for CMake config files
[0.925s] Level 1:colcon.colcon_core.shell:create_environment_hook('turtlebot3_manipulation_gazebo', 'cmake_prefix_path')
[0.925s] INFO:colcon.colcon_core.shell:Creating environment hook '/home/kits/turtlebot3_ws/install/turtlebot3_manipulation_gazebo/share/turtlebot3_manipulation_gazebo/hook/cmake_prefix_path.ps1'
[0.926s] INFO:colcon.colcon_core.shell:Creating environment descriptor '/home/kits/turtlebot3_ws/install/turtlebot3_manipulation_gazebo/share/turtlebot3_manipulation_gazebo/hook/cmake_prefix_path.dsv'
[0.926s] INFO:colcon.colcon_core.shell:Creating environment hook '/home/kits/turtlebot3_ws/install/turtlebot3_manipulation_gazebo/share/turtlebot3_manipulation_gazebo/hook/cmake_prefix_path.sh'
[0.927s] Level 1:colcon.colcon_core.environment:checking '/home/kits/turtlebot3_ws/install/turtlebot3_manipulation_gazebo/bin'
[0.927s] Level 1:colcon.colcon_core.environment:checking '/home/kits/turtlebot3_ws/install/turtlebot3_manipulation_gazebo/lib/pkgconfig/turtlebot3_manipulation_gazebo.pc'
[0.927s] Level 1:colcon.colcon_core.environment:checking '/home/kits/turtlebot3_ws/install/turtlebot3_manipulation_gazebo/lib/python3.10/site-packages'
[0.927s] Level 1:colcon.colcon_core.environment:checking '/home/kits/turtlebot3_ws/install/turtlebot3_manipulation_gazebo/bin'
[0.927s] INFO:colcon.colcon_core.shell:Creating package script '/home/kits/turtlebot3_ws/install/turtlebot3_manipulation_gazebo/share/turtlebot3_manipulation_gazebo/package.ps1'
[0.928s] INFO:colcon.colcon_core.shell:Creating package descriptor '/home/kits/turtlebot3_ws/install/turtlebot3_manipulation_gazebo/share/turtlebot3_manipulation_gazebo/package.dsv'
[0.929s] INFO:colcon.colcon_core.shell:Creating package script '/home/kits/turtlebot3_ws/install/turtlebot3_manipulation_gazebo/share/turtlebot3_manipulation_gazebo/package.sh'
[0.929s] INFO:colcon.colcon_core.shell:Creating package script '/home/kits/turtlebot3_ws/install/turtlebot3_manipulation_gazebo/share/turtlebot3_manipulation_gazebo/package.bash'
[0.930s] INFO:colcon.colcon_core.shell:Creating package script '/home/kits/turtlebot3_ws/install/turtlebot3_manipulation_gazebo/share/turtlebot3_manipulation_gazebo/package.zsh'
[0.931s] Level 1:colcon.colcon_core.environment:create_file_with_runtime_dependencies(/home/kits/turtlebot3_ws/install/turtlebot3_manipulation_gazebo/share/colcon-core/packages/turtlebot3_manipulation_gazebo)
[0.931s] Level 1:colcon.colcon_core.environment:create_environment_scripts_only(turtlebot3_manipulation_gazebo)
[0.931s] Level 1:colcon.colcon_core.environment:checking '/home/kits/turtlebot3_ws/install/turtlebot3_manipulation_gazebo' for CMake module files
[0.932s] Level 1:colcon.colcon_core.environment:checking '/home/kits/turtlebot3_ws/install/turtlebot3_manipulation_gazebo' for CMake config files
[0.932s] Level 1:colcon.colcon_core.shell:create_environment_hook('turtlebot3_manipulation_gazebo', 'cmake_prefix_path')
[0.932s] INFO:colcon.colcon_core.shell:Creating environment hook '/home/kits/turtlebot3_ws/install/turtlebot3_manipulation_gazebo/share/turtlebot3_manipulation_gazebo/hook/cmake_prefix_path.ps1'
[0.932s] INFO:colcon.colcon_core.shell:Creating environment descriptor '/home/kits/turtlebot3_ws/install/turtlebot3_manipulation_gazebo/share/turtlebot3_manipulation_gazebo/hook/cmake_prefix_path.dsv'
[0.933s] INFO:colcon.colcon_core.shell:Creating environment hook '/home/kits/turtlebot3_ws/install/turtlebot3_manipulation_gazebo/share/turtlebot3_manipulation_gazebo/hook/cmake_prefix_path.sh'
[0.933s] Level 1:colcon.colcon_core.environment:checking '/home/kits/turtlebot3_ws/install/turtlebot3_manipulation_gazebo/bin'
[0.933s] Level 1:colcon.colcon_core.environment:checking '/home/kits/turtlebot3_ws/install/turtlebot3_manipulation_gazebo/lib/pkgconfig/turtlebot3_manipulation_gazebo.pc'
[0.934s] Level 1:colcon.colcon_core.environment:checking '/home/kits/turtlebot3_ws/install/turtlebot3_manipulation_gazebo/lib/python3.10/site-packages'
[0.934s] Level 1:colcon.colcon_core.environment:checking '/home/kits/turtlebot3_ws/install/turtlebot3_manipulation_gazebo/bin'
[0.934s] INFO:colcon.colcon_core.shell:Creating package script '/home/kits/turtlebot3_ws/install/turtlebot3_manipulation_gazebo/share/turtlebot3_manipulation_gazebo/package.ps1'
[0.934s] INFO:colcon.colcon_core.shell:Creating package descriptor '/home/kits/turtlebot3_ws/install/turtlebot3_manipulation_gazebo/share/turtlebot3_manipulation_gazebo/package.dsv'
[0.935s] INFO:colcon.colcon_core.shell:Creating package script '/home/kits/turtlebot3_ws/install/turtlebot3_manipulation_gazebo/share/turtlebot3_manipulation_gazebo/package.sh'
[0.935s] INFO:colcon.colcon_core.shell:Creating package script '/home/kits/turtlebot3_ws/install/turtlebot3_manipulation_gazebo/share/turtlebot3_manipulation_gazebo/package.bash'
[0.935s] INFO:colcon.colcon_core.shell:Creating package script '/home/kits/turtlebot3_ws/install/turtlebot3_manipulation_gazebo/share/turtlebot3_manipulation_gazebo/package.zsh'
[0.935s] Level 1:colcon.colcon_core.environment:create_file_with_runtime_dependencies(/home/kits/turtlebot3_ws/install/turtlebot3_manipulation_gazebo/share/colcon-core/packages/turtlebot3_manipulation_gazebo)
[1.072s] Level 1:colcon.colcon_core.environment:checking '/home/kits/turtlebot3_ws/install/dynamic_obstacle_avoidance' for CMake module files
[1.072s] DEBUG:colcon.colcon_core.event_handler.log_command:Invoked command in '/home/kits/turtlebot3_ws/src/dynamic_obstacle_avoidance' returned '0': PYTHONPATH=/home/kits/turtlebot3_ws/build/dynamic_obstacle_avoidance/prefix_override:/usr/lib/python3/dist-packages/colcon_core/task/python/colcon_distutils_commands:/home/kits/turtlebot3_ws/install/dynamic_obstacle_avoidance/lib/python3.10/site-packages:${PYTHONPATH} /usr/bin/python3 -W ignore:setup.py install is deprecated -W ignore:easy_install command is deprecated setup.py egg_info --egg-base ../../build/dynamic_obstacle_avoidance build --build-base /home/kits/turtlebot3_ws/build/dynamic_obstacle_avoidance/build install --record /home/kits/turtlebot3_ws/build/dynamic_obstacle_avoidance/install.log --single-version-externally-managed install_data --force
[1.073s] Level 1:colcon.colcon_core.environment:checking '/home/kits/turtlebot3_ws/install/dynamic_obstacle_avoidance' for CMake config files
[1.073s] Level 1:colcon.colcon_core.environment:checking '/home/kits/turtlebot3_ws/install/dynamic_obstacle_avoidance/lib'
[1.073s] Level 1:colcon.colcon_core.environment:checking '/home/kits/turtlebot3_ws/install/dynamic_obstacle_avoidance/bin'
[1.073s] Level 1:colcon.colcon_core.environment:checking '/home/kits/turtlebot3_ws/install/dynamic_obstacle_avoidance/lib/pkgconfig/dynamic_obstacle_avoidance.pc'
[1.073s] Level 1:colcon.colcon_core.environment:checking '/home/kits/turtlebot3_ws/install/dynamic_obstacle_avoidance/lib/python3.10/site-packages'
[1.073s] Level 1:colcon.colcon_core.shell:create_environment_hook('dynamic_obstacle_avoidance', 'pythonpath')
[1.073s] INFO:colcon.colcon_core.shell:Creating environment hook '/home/kits/turtlebot3_ws/install/dynamic_obstacle_avoidance/share/dynamic_obstacle_avoidance/hook/pythonpath.ps1'
[1.074s] INFO:colcon.colcon_core.shell:Creating environment descriptor '/home/kits/turtlebot3_ws/install/dynamic_obstacle_avoidance/share/dynamic_obstacle_avoidance/hook/pythonpath.dsv'
[1.074s] INFO:colcon.colcon_core.shell:Creating environment hook '/home/kits/turtlebot3_ws/install/dynamic_obstacle_avoidance/share/dynamic_obstacle_avoidance/hook/pythonpath.sh'
[1.074s] Level 1:colcon.colcon_core.environment:checking '/home/kits/turtlebot3_ws/install/dynamic_obstacle_avoidance/bin'
[1.074s] Level 1:colcon.colcon_core.environment:create_environment_scripts_only(dynamic_obstacle_avoidance)
[1.074s] INFO:colcon.colcon_core.shell:Creating package script '/home/kits/turtlebot3_ws/install/dynamic_obstacle_avoidance/share/dynamic_obstacle_avoidance/package.ps1'
[1.075s] INFO:colcon.colcon_core.shell:Creating package descriptor '/home/kits/turtlebot3_ws/install/dynamic_obstacle_avoidance/share/dynamic_obstacle_avoidance/package.dsv'
[1.075s] INFO:colcon.colcon_core.shell:Creating package script '/home/kits/turtlebot3_ws/install/dynamic_obstacle_avoidance/share/dynamic_obstacle_avoidance/package.sh'
[1.075s] INFO:colcon.colcon_core.shell:Creating package script '/home/kits/turtlebot3_ws/install/dynamic_obstacle_avoidance/share/dynamic_obstacle_avoidance/package.bash'
[1.075s] INFO:colcon.colcon_core.shell:Creating package script '/home/kits/turtlebot3_ws/install/dynamic_obstacle_avoidance/share/dynamic_obstacle_avoidance/package.zsh'
[1.075s] Level 1:colcon.colcon_core.environment:create_file_with_runtime_dependencies(/home/kits/turtlebot3_ws/install/dynamic_obstacle_avoidance/share/colcon-core/packages/dynamic_obstacle_avoidance)
[1.363s] DEBUG:colcon.colcon_core.event_handler.log_command:Invoked command in '/home/kits/turtlebot3_ws/build/turtlebot3_fake_node' returned '0': CMAKE_PREFIX_PATH=/home/kits/turtlebot3_ws/install/dynamic_obstacle_avoidance:/home/kits/ros2_ws/install/dynamic_obstacle_avoidance:/opt/ros/humble /usr/bin/cmake /home/kits/turtlebot3_ws/src/turtlebot3_simulations/turtlebot3_fake_node -DCMAKE_INSTALL_PREFIX=/home/kits/turtlebot3_ws/install/turtlebot3_fake_node
[1.364s] DEBUG:colcon.colcon_core.event_handler.log_command:Invoking command in '/home/kits/turtlebot3_ws/build/turtlebot3_fake_node': CMAKE_PREFIX_PATH=/home/kits/turtlebot3_ws/install/dynamic_obstacle_avoidance:/home/kits/ros2_ws/install/dynamic_obstacle_avoidance:/opt/ros/humble /usr/bin/cmake --build /home/kits/turtlebot3_ws/build/turtlebot3_fake_node -- -j16 -l16
[1.971s] DEBUG:colcon.colcon_core.event_handler.log_command:Invoked command in '/home/kits/turtlebot3_ws/build/turtlebot3_gazebo' returned '0': CMAKE_PREFIX_PATH=/home/kits/turtlebot3_ws/install/dynamic_obstacle_avoidance:/home/kits/ros2_ws/install/dynamic_obstacle_avoidance:/opt/ros/humble /usr/bin/cmake /home/kits/turtlebot3_ws/src/turtlebot3_simulations/turtlebot3_gazebo -DCMAKE_INSTALL_PREFIX=/home/kits/turtlebot3_ws/install/turtlebot3_gazebo
[1.971s] DEBUG:colcon.colcon_core.event_handler.log_command:Invoking command in '/home/kits/turtlebot3_ws/build/turtlebot3_gazebo': CMAKE_PREFIX_PATH=/home/kits/turtlebot3_ws/install/dynamic_obstacle_avoidance:/home/kits/ros2_ws/install/dynamic_obstacle_avoidance:/opt/ros/humble /usr/bin/cmake --build /home/kits/turtlebot3_ws/build/turtlebot3_gazebo -- -j16 -l16
[9.439s] DEBUG:colcon.colcon_core.event_handler.log_command:Invoked command in '/home/kits/turtlebot3_ws/build/turtlebot3_fake_node' returned '0': CMAKE_PREFIX_PATH=/home/kits/turtlebot3_ws/install/dynamic_obstacle_avoidance:/home/kits/ros2_ws/install/dynamic_obstacle_avoidance:/opt/ros/humble /usr/bin/cmake --build /home/kits/turtlebot3_ws/build/turtlebot3_fake_node -- -j16 -l16
[9.440s] DEBUG:colcon.colcon_core.event_handler.log_command:Invoking command in '/home/kits/turtlebot3_ws/build/turtlebot3_fake_node': CMAKE_PREFIX_PATH=/home/kits/turtlebot3_ws/install/dynamic_obstacle_avoidance:/home/kits/ros2_ws/install/dynamic_obstacle_avoidance:/opt/ros/humble /usr/bin/cmake --install /home/kits/turtlebot3_ws/build/turtlebot3_fake_node
[9.458s] Level 1:colcon.colcon_core.environment:create_environment_scripts_only(turtlebot3_fake_node)
[9.459s] Level 1:colcon.colcon_core.environment:checking '/home/kits/turtlebot3_ws/install/turtlebot3_fake_node' for CMake module files
[9.459s] DEBUG:colcon.colcon_core.event_handler.log_command:Invoked command in '/home/kits/turtlebot3_ws/build/turtlebot3_fake_node' returned '0': CMAKE_PREFIX_PATH=/home/kits/turtlebot3_ws/install/dynamic_obstacle_avoidance:/home/kits/ros2_ws/install/dynamic_obstacle_avoidance:/opt/ros/humble /usr/bin/cmake --install /home/kits/turtlebot3_ws/build/turtlebot3_fake_node
[9.460s] Level 1:colcon.colcon_core.environment:checking '/home/kits/turtlebot3_ws/install/turtlebot3_fake_node' for CMake config files
[9.460s] Level 1:colcon.colcon_core.shell:create_environment_hook('turtlebot3_fake_node', 'cmake_prefix_path')
[9.460s] INFO:colcon.colcon_core.shell:Creating environment hook '/home/kits/turtlebot3_ws/install/turtlebot3_fake_node/share/turtlebot3_fake_node/hook/cmake_prefix_path.ps1'
[9.461s] INFO:colcon.colcon_core.shell:Creating environment descriptor '/home/kits/turtlebot3_ws/install/turtlebot3_fake_node/share/turtlebot3_fake_node/hook/cmake_prefix_path.dsv'
[9.461s] INFO:colcon.colcon_core.shell:Creating environment hook '/home/kits/turtlebot3_ws/install/turtlebot3_fake_node/share/turtlebot3_fake_node/hook/cmake_prefix_path.sh'
[9.462s] Level 1:colcon.colcon_core.environment:checking '/home/kits/turtlebot3_ws/install/turtlebot3_fake_node/lib'
[9.462s] Level 1:colcon.colcon_core.environment:checking '/home/kits/turtlebot3_ws/install/turtlebot3_fake_node/bin'
[9.462s] Level 1:colcon.colcon_core.environment:checking '/home/kits/turtlebot3_ws/install/turtlebot3_fake_node/lib/pkgconfig/turtlebot3_fake_node.pc'
[9.462s] Level 1:colcon.colcon_core.environment:checking '/home/kits/turtlebot3_ws/install/turtlebot3_fake_node/lib/python3.10/site-packages'
[9.462s] Level 1:colcon.colcon_core.environment:checking '/home/kits/turtlebot3_ws/install/turtlebot3_fake_node/bin'
[9.462s] INFO:colcon.colcon_core.shell:Creating package script '/home/kits/turtlebot3_ws/install/turtlebot3_fake_node/share/turtlebot3_fake_node/package.ps1'
[9.463s] INFO:colcon.colcon_core.shell:Creating package descriptor '/home/kits/turtlebot3_ws/install/turtlebot3_fake_node/share/turtlebot3_fake_node/package.dsv'
[9.463s] INFO:colcon.colcon_core.shell:Creating package script '/home/kits/turtlebot3_ws/install/turtlebot3_fake_node/share/turtlebot3_fake_node/package.sh'
[9.464s] INFO:colcon.colcon_core.shell:Creating package script '/home/kits/turtlebot3_ws/install/turtlebot3_fake_node/share/turtlebot3_fake_node/package.bash'
[9.464s] INFO:colcon.colcon_core.shell:Creating package script '/home/kits/turtlebot3_ws/install/turtlebot3_fake_node/share/turtlebot3_fake_node/package.zsh'
[9.464s] Level 1:colcon.colcon_core.environment:create_file_with_runtime_dependencies(/home/kits/turtlebot3_ws/install/turtlebot3_fake_node/share/colcon-core/packages/turtlebot3_fake_node)
[9.465s] Level 1:colcon.colcon_core.environment:create_environment_scripts_only(turtlebot3_fake_node)
[9.465s] Level 1:colcon.colcon_core.environment:checking '/home/kits/turtlebot3_ws/install/turtlebot3_fake_node' for CMake module files
[9.466s] Level 1:colcon.colcon_core.environment:checking '/home/kits/turtlebot3_ws/install/turtlebot3_fake_node' for CMake config files
[9.466s] Level 1:colcon.colcon_core.shell:create_environment_hook('turtlebot3_fake_node', 'cmake_prefix_path')
[9.466s] INFO:colcon.colcon_core.shell:Creating environment hook '/home/kits/turtlebot3_ws/install/turtlebot3_fake_node/share/turtlebot3_fake_node/hook/cmake_prefix_path.ps1'
[9.467s] INFO:colcon.colcon_core.shell:Creating environment descriptor '/home/kits/turtlebot3_ws/install/turtlebot3_fake_node/share/turtlebot3_fake_node/hook/cmake_prefix_path.dsv'
[9.467s] INFO:colcon.colcon_core.shell:Creating environment hook '/home/kits/turtlebot3_ws/install/turtlebot3_fake_node/share/turtlebot3_fake_node/hook/cmake_prefix_path.sh'
[9.468s] Level 1:colcon.colcon_core.environment:checking '/home/kits/turtlebot3_ws/install/turtlebot3_fake_node/lib'
[9.468s] Level 1:colcon.colcon_core.environment:checking '/home/kits/turtlebot3_ws/install/turtlebot3_fake_node/bin'
[9.468s] Level 1:colcon.colcon_core.environment:checking '/home/kits/turtlebot3_ws/install/turtlebot3_fake_node/lib/pkgconfig/turtlebot3_fake_node.pc'
[9.468s] Level 1:colcon.colcon_core.environment:checking '/home/kits/turtlebot3_ws/install/turtlebot3_fake_node/lib/python3.10/site-packages'
[9.468s] Level 1:colcon.colcon_core.environment:checking '/home/kits/turtlebot3_ws/install/turtlebot3_fake_node/bin'
[9.468s] INFO:colcon.colcon_core.shell:Creating package script '/home/kits/turtlebot3_ws/install/turtlebot3_fake_node/share/turtlebot3_fake_node/package.ps1'
[9.469s] INFO:colcon.colcon_core.shell:Creating package descriptor '/home/kits/turtlebot3_ws/install/turtlebot3_fake_node/share/turtlebot3_fake_node/package.dsv'
[9.470s] INFO:colcon.colcon_core.shell:Creating package script '/home/kits/turtlebot3_ws/install/turtlebot3_fake_node/share/turtlebot3_fake_node/package.sh'
[9.470s] INFO:colcon.colcon_core.shell:Creating package script '/home/kits/turtlebot3_ws/install/turtlebot3_fake_node/share/turtlebot3_fake_node/package.bash'
[9.471s] INFO:colcon.colcon_core.shell:Creating package script '/home/kits/turtlebot3_ws/install/turtlebot3_fake_node/share/turtlebot3_fake_node/package.zsh'
[9.471s] Level 1:colcon.colcon_core.environment:create_file_with_runtime_dependencies(/home/kits/turtlebot3_ws/install/turtlebot3_fake_node/share/colcon-core/packages/turtlebot3_fake_node)
[13.765s] DEBUG:colcon.colcon_core.event_handler.log_command:Invoked command in '/home/kits/turtlebot3_ws/build/turtlebot3_gazebo' returned '0': CMAKE_PREFIX_PATH=/home/kits/turtlebot3_ws/install/dynamic_obstacle_avoidance:/home/kits/ros2_ws/install/dynamic_obstacle_avoidance:/opt/ros/humble /usr/bin/cmake --build /home/kits/turtlebot3_ws/build/turtlebot3_gazebo -- -j16 -l16
[13.765s] DEBUG:colcon.colcon_core.event_handler.log_command:Invoking command in '/home/kits/turtlebot3_ws/build/turtlebot3_gazebo': CMAKE_PREFIX_PATH=/home/kits/turtlebot3_ws/install/dynamic_obstacle_avoidance:/home/kits/ros2_ws/install/dynamic_obstacle_avoidance:/opt/ros/humble /usr/bin/cmake --install /home/kits/turtlebot3_ws/build/turtlebot3_gazebo
[13.920s] Level 1:colcon.colcon_core.environment:create_environment_scripts_only(turtlebot3_gazebo)
[13.921s] DEBUG:colcon.colcon_core.event_handler.log_command:Invoked command in '/home/kits/turtlebot3_ws/build/turtlebot3_gazebo' returned '0': CMAKE_PREFIX_PATH=/home/kits/turtlebot3_ws/install/dynamic_obstacle_avoidance:/home/kits/ros2_ws/install/dynamic_obstacle_avoidance:/opt/ros/humble /usr/bin/cmake --install /home/kits/turtlebot3_ws/build/turtlebot3_gazebo
[13.921s] Level 1:colcon.colcon_core.environment:checking '/home/kits/turtlebot3_ws/install/turtlebot3_gazebo' for CMake module files
[13.922s] Level 1:colcon.colcon_core.environment:checking '/home/kits/turtlebot3_ws/install/turtlebot3_gazebo' for CMake config files
[13.922s] Level 1:colcon.colcon_core.shell:create_environment_hook('turtlebot3_gazebo', 'cmake_prefix_path')
[13.922s] INFO:colcon.colcon_core.shell:Creating environment hook '/home/kits/turtlebot3_ws/install/turtlebot3_gazebo/share/turtlebot3_gazebo/hook/cmake_prefix_path.ps1'
[13.923s] INFO:colcon.colcon_core.shell:Creating environment descriptor '/home/kits/turtlebot3_ws/install/turtlebot3_gazebo/share/turtlebot3_gazebo/hook/cmake_prefix_path.dsv'
[13.923s] INFO:colcon.colcon_core.shell:Creating environment hook '/home/kits/turtlebot3_ws/install/turtlebot3_gazebo/share/turtlebot3_gazebo/hook/cmake_prefix_path.sh'
[13.924s] Level 1:colcon.colcon_core.environment:checking '/home/kits/turtlebot3_ws/install/turtlebot3_gazebo/lib'
[13.924s] Level 1:colcon.colcon_core.environment:checking '/home/kits/turtlebot3_ws/install/turtlebot3_gazebo/bin'
[13.924s] Level 1:colcon.colcon_core.environment:checking '/home/kits/turtlebot3_ws/install/turtlebot3_gazebo/lib/pkgconfig/turtlebot3_gazebo.pc'
[13.925s] Level 1:colcon.colcon_core.environment:checking '/home/kits/turtlebot3_ws/install/turtlebot3_gazebo/lib/python3.10/site-packages'
[13.925s] Level 1:colcon.colcon_core.environment:checking '/home/kits/turtlebot3_ws/install/turtlebot3_gazebo/bin'
[13.925s] INFO:colcon.colcon_core.shell:Creating package script '/home/kits/turtlebot3_ws/install/turtlebot3_gazebo/share/turtlebot3_gazebo/package.ps1'
[13.926s] INFO:colcon.colcon_core.shell:Creating package descriptor '/home/kits/turtlebot3_ws/install/turtlebot3_gazebo/share/turtlebot3_gazebo/package.dsv'
[13.927s] INFO:colcon.colcon_core.shell:Creating package script '/home/kits/turtlebot3_ws/install/turtlebot3_gazebo/share/turtlebot3_gazebo/package.sh'
[13.927s] INFO:colcon.colcon_core.shell:Creating package script '/home/kits/turtlebot3_ws/install/turtlebot3_gazebo/share/turtlebot3_gazebo/package.bash'
[13.927s] INFO:colcon.colcon_core.shell:Creating package script '/home/kits/turtlebot3_ws/install/turtlebot3_gazebo/share/turtlebot3_gazebo/package.zsh'
[13.928s] Level 1:colcon.colcon_core.environment:create_file_with_runtime_dependencies(/home/kits/turtlebot3_ws/install/turtlebot3_gazebo/share/colcon-core/packages/turtlebot3_gazebo)
[13.928s] Level 1:colcon.colcon_core.environment:create_environment_scripts_only(turtlebot3_gazebo)
[13.928s] Level 1:colcon.colcon_core.environment:checking '/home/kits/turtlebot3_ws/install/turtlebot3_gazebo' for CMake module files
[13.929s] Level 1:colcon.colcon_core.environment:checking '/home/kits/turtlebot3_ws/install/turtlebot3_gazebo' for CMake config files
[13.929s] Level 1:colcon.colcon_core.shell:create_environment_hook('turtlebot3_gazebo', 'cmake_prefix_path')
[13.929s] INFO:colcon.colcon_core.shell:Creating environment hook '/home/kits/turtlebot3_ws/install/turtlebot3_gazebo/share/turtlebot3_gazebo/hook/cmake_prefix_path.ps1'
[13.930s] INFO:colcon.colcon_core.shell:Creating environment descriptor '/home/kits/turtlebot3_ws/install/turtlebot3_gazebo/share/turtlebot3_gazebo/hook/cmake_prefix_path.dsv'
[13.930s] INFO:colcon.colcon_core.shell:Creating environment hook '/home/kits/turtlebot3_ws/install/turtlebot3_gazebo/share/turtlebot3_gazebo/hook/cmake_prefix_path.sh'
[13.930s] Level 1:colcon.colcon_core.environment:checking '/home/kits/turtlebot3_ws/install/turtlebot3_gazebo/lib'
[13.930s] Level 1:colcon.colcon_core.environment:checking '/home/kits/turtlebot3_ws/install/turtlebot3_gazebo/bin'
[13.931s] Level 1:colcon.colcon_core.environment:checking '/home/kits/turtlebot3_ws/install/turtlebot3_gazebo/lib/pkgconfig/turtlebot3_gazebo.pc'
[13.931s] Level 1:colcon.colcon_core.environment:checking '/home/kits/turtlebot3_ws/install/turtlebot3_gazebo/lib/python3.10/site-packages'
[13.931s] Level 1:colcon.colcon_core.environment:checking '/home/kits/turtlebot3_ws/install/turtlebot3_gazebo/bin'
[13.931s] INFO:colcon.colcon_core.shell:Creating package script '/home/kits/turtlebot3_ws/install/turtlebot3_gazebo/share/turtlebot3_gazebo/package.ps1'
[13.932s] INFO:colcon.colcon_core.shell:Creating package descriptor '/home/kits/turtlebot3_ws/install/turtlebot3_gazebo/share/turtlebot3_gazebo/package.dsv'
[13.932s] INFO:colcon.colcon_core.shell:Creating package script '/home/kits/turtlebot3_ws/install/turtlebot3_gazebo/share/turtlebot3_gazebo/package.sh'
[13.932s] INFO:colcon.colcon_core.shell:Creating package script '/home/kits/turtlebot3_ws/install/turtlebot3_gazebo/share/turtlebot3_gazebo/package.bash'
[13.932s] INFO:colcon.colcon_core.shell:Creating package script '/home/kits/turtlebot3_ws/install/turtlebot3_gazebo/share/turtlebot3_gazebo/package.zsh'
[13.933s] Level 1:colcon.colcon_core.environment:create_file_with_runtime_dependencies(/home/kits/turtlebot3_ws/install/turtlebot3_gazebo/share/colcon-core/packages/turtlebot3_gazebo)
[13.933s] INFO:colcon.colcon_ros.task.ament_cmake.build:Building ROS package in '/home/kits/turtlebot3_ws/src/turtlebot3_simulations/turtlebot3_simulations' with build type 'ament_cmake'
[13.933s] INFO:colcon.colcon_cmake.task.cmake.build:Building CMake package in '/home/kits/turtlebot3_ws/src/turtlebot3_simulations/turtlebot3_simulations'
[13.933s] INFO:colcon.colcon_core.shell:Skip shell extension 'powershell' for command environment: Not usable outside of PowerShell
[13.933s] DEBUG:colcon.colcon_core.shell:Skip shell extension 'dsv' for command environment
[13.941s] DEBUG:colcon.colcon_core.event_handler.log_command:Invoking command in '/home/kits/turtlebot3_ws/build/turtlebot3_simulations': AMENT_PREFIX_PATH=/home/kits/turtlebot3_ws/install/turtlebot3_manipulation_gazebo:/home/kits/turtlebot3_ws/install/turtlebot3_gazebo:/home/kits/turtlebot3_ws/install/turtlebot3_fake_node:${AMENT_PREFIX_PATH} CMAKE_PREFIX_PATH=/home/kits/turtlebot3_ws/install/turtlebot3_manipulation_gazebo:/home/kits/turtlebot3_ws/install/turtlebot3_gazebo:/home/kits/turtlebot3_ws/install/turtlebot3_fake_node:/home/kits/turtlebot3_ws/install/dynamic_obstacle_avoidance:/home/kits/ros2_ws/install/dynamic_obstacle_avoidance:/opt/ros/humble /usr/bin/cmake /home/kits/turtlebot3_ws/src/turtlebot3_simulations/turtlebot3_simulations -DCMAKE_INSTALL_PREFIX=/home/kits/turtlebot3_ws/install/turtlebot3_simulations
[14.360s] DEBUG:colcon.colcon_core.event_handler.log_command:Invoked command in '/home/kits/turtlebot3_ws/build/turtlebot3_simulations' returned '0': AMENT_PREFIX_PATH=/home/kits/turtlebot3_ws/install/turtlebot3_manipulation_gazebo:/home/kits/turtlebot3_ws/install/turtlebot3_gazebo:/home/kits/turtlebot3_ws/install/turtlebot3_fake_node:${AMENT_PREFIX_PATH} CMAKE_PREFIX_PATH=/home/kits/turtlebot3_ws/install/turtlebot3_manipulation_gazebo:/home/kits/turtlebot3_ws/install/turtlebot3_gazebo:/home/kits/turtlebot3_ws/install/turtlebot3_fake_node:/home/kits/turtlebot3_ws/install/dynamic_obstacle_avoidance:/home/kits/ros2_ws/install/dynamic_obstacle_avoidance:/opt/ros/humble /usr/bin/cmake /home/kits/turtlebot3_ws/src/turtlebot3_simulations/turtlebot3_simulations -DCMAKE_INSTALL_PREFIX=/home/kits/turtlebot3_ws/install/turtlebot3_simulations
[14.361s] DEBUG:colcon.colcon_core.event_handler.log_command:Invoking command in '/home/kits/turtlebot3_ws/build/turtlebot3_simulations': AMENT_PREFIX_PATH=/home/kits/turtlebot3_ws/install/turtlebot3_manipulation_gazebo:/home/kits/turtlebot3_ws/install/turtlebot3_gazebo:/home/kits/turtlebot3_ws/install/turtlebot3_fake_node:${AMENT_PREFIX_PATH} CMAKE_PREFIX_PATH=/home/kits/turtlebot3_ws/install/turtlebot3_manipulation_gazebo:/home/kits/turtlebot3_ws/install/turtlebot3_gazebo:/home/kits/turtlebot3_ws/install/turtlebot3_fake_node:/home/kits/turtlebot3_ws/install/dynamic_obstacle_avoidance:/home/kits/ros2_ws/install/dynamic_obstacle_avoidance:/opt/ros/humble /usr/bin/cmake --build /home/kits/turtlebot3_ws/build/turtlebot3_simulations -- -j16 -l16
[14.395s] DEBUG:colcon.colcon_core.event_handler.log_command:Invoked command in '/home/kits/turtlebot3_ws/build/turtlebot3_simulations' returned '0': AMENT_PREFIX_PATH=/home/kits/turtlebot3_ws/install/turtlebot3_manipulation_gazebo:/home/kits/turtlebot3_ws/install/turtlebot3_gazebo:/home/kits/turtlebot3_ws/install/turtlebot3_fake_node:${AMENT_PREFIX_PATH} CMAKE_PREFIX_PATH=/home/kits/turtlebot3_ws/install/turtlebot3_manipulation_gazebo:/home/kits/turtlebot3_ws/install/turtlebot3_gazebo:/home/kits/turtlebot3_ws/install/turtlebot3_fake_node:/home/kits/turtlebot3_ws/install/dynamic_obstacle_avoidance:/home/kits/ros2_ws/install/dynamic_obstacle_avoidance:/opt/ros/humble /usr/bin/cmake --build /home/kits/turtlebot3_ws/build/turtlebot3_simulations -- -j16 -l16
[14.395s] DEBUG:colcon.colcon_core.event_handler.log_command:Invoking command in '/home/kits/turtlebot3_ws/build/turtlebot3_simulations': AMENT_PREFIX_PATH=/home/kits/turtlebot3_ws/install/turtlebot3_manipulation_gazebo:/home/kits/turtlebot3_ws/install/turtlebot3_gazebo:/home/kits/turtlebot3_ws/install/turtlebot3_fake_node:${AMENT_PREFIX_PATH} CMAKE_PREFIX_PATH=/home/kits/turtlebot3_ws/install/turtlebot3_manipulation_gazebo:/home/kits/turtlebot3_ws/install/turtlebot3_gazebo:/home/kits/turtlebot3_ws/install/turtlebot3_fake_node:/home/kits/turtlebot3_ws/install/dynamic_obstacle_avoidance:/home/kits/ros2_ws/install/dynamic_obstacle_avoidance:/opt/ros/humble /usr/bin/cmake --install /home/kits/turtlebot3_ws/build/turtlebot3_simulations
[14.401s] Level 1:colcon.colcon_core.environment:create_environment_scripts_only(turtlebot3_simulations)
[14.401s] Level 1:colcon.colcon_core.environment:checking '/home/kits/turtlebot3_ws/install/turtlebot3_simulations' for CMake module files
[14.401s] DEBUG:colcon.colcon_core.event_handler.log_command:Invoked command in '/home/kits/turtlebot3_ws/build/turtlebot3_simulations' returned '0': AMENT_PREFIX_PATH=/home/kits/turtlebot3_ws/install/turtlebot3_manipulation_gazebo:/home/kits/turtlebot3_ws/install/turtlebot3_gazebo:/home/kits/turtlebot3_ws/install/turtlebot3_fake_node:${AMENT_PREFIX_PATH} CMAKE_PREFIX_PATH=/home/kits/turtlebot3_ws/install/turtlebot3_manipulation_gazebo:/home/kits/turtlebot3_ws/install/turtlebot3_gazebo:/home/kits/turtlebot3_ws/install/turtlebot3_fake_node:/home/kits/turtlebot3_ws/install/dynamic_obstacle_avoidance:/home/kits/ros2_ws/install/dynamic_obstacle_avoidance:/opt/ros/humble /usr/bin/cmake --install /home/kits/turtlebot3_ws/build/turtlebot3_simulations
[14.402s] Level 1:colcon.colcon_core.environment:checking '/home/kits/turtlebot3_ws/install/turtlebot3_simulations' for CMake config files
[14.402s] Level 1:colcon.colcon_core.shell:create_environment_hook('turtlebot3_simulations', 'cmake_prefix_path')
[14.402s] INFO:colcon.colcon_core.shell:Creating environment hook '/home/kits/turtlebot3_ws/install/turtlebot3_simulations/share/turtlebot3_simulations/hook/cmake_prefix_path.ps1'
[14.402s] INFO:colcon.colcon_core.shell:Creating environment descriptor '/home/kits/turtlebot3_ws/install/turtlebot3_simulations/share/turtlebot3_simulations/hook/cmake_prefix_path.dsv'
[14.402s] INFO:colcon.colcon_core.shell:Creating environment hook '/home/kits/turtlebot3_ws/install/turtlebot3_simulations/share/turtlebot3_simulations/hook/cmake_prefix_path.sh'
[14.403s] Level 1:colcon.colcon_core.environment:checking '/home/kits/turtlebot3_ws/install/turtlebot3_simulations/bin'
[14.403s] Level 1:colcon.colcon_core.environment:checking '/home/kits/turtlebot3_ws/install/turtlebot3_simulations/lib/pkgconfig/turtlebot3_simulations.pc'
[14.403s] Level 1:colcon.colcon_core.environment:checking '/home/kits/turtlebot3_ws/install/turtlebot3_simulations/lib/python3.10/site-packages'
[14.403s] Level 1:colcon.colcon_core.environment:checking '/home/kits/turtlebot3_ws/install/turtlebot3_simulations/bin'
[14.403s] INFO:colcon.colcon_core.shell:Creating package script '/home/kits/turtlebot3_ws/install/turtlebot3_simulations/share/turtlebot3_simulations/package.ps1'
[14.403s] INFO:colcon.colcon_core.shell:Creating package descriptor '/home/kits/turtlebot3_ws/install/turtlebot3_simulations/share/turtlebot3_simulations/package.dsv'
[14.403s] INFO:colcon.colcon_core.shell:Creating package script '/home/kits/turtlebot3_ws/install/turtlebot3_simulations/share/turtlebot3_simulations/package.sh'
[14.404s] INFO:colcon.colcon_core.shell:Creating package script '/home/kits/turtlebot3_ws/install/turtlebot3_simulations/share/turtlebot3_simulations/package.bash'
[14.404s] INFO:colcon.colcon_core.shell:Creating package script '/home/kits/turtlebot3_ws/install/turtlebot3_simulations/share/turtlebot3_simulations/package.zsh'
[14.404s] Level 1:colcon.colcon_core.environment:create_file_with_runtime_dependencies(/home/kits/turtlebot3_ws/install/turtlebot3_simulations/share/colcon-core/packages/turtlebot3_simulations)
[14.404s] Level 1:colcon.colcon_core.environment:create_environment_scripts_only(turtlebot3_simulations)
[14.404s] Level 1:colcon.colcon_core.environment:checking '/home/kits/turtlebot3_ws/install/turtlebot3_simulations' for CMake module files
[14.404s] Level 1:colcon.colcon_core.environment:checking '/home/kits/turtlebot3_ws/install/turtlebot3_simulations' for CMake config files
[14.405s] Level 1:colcon.colcon_core.shell:create_environment_hook('turtlebot3_simulations', 'cmake_prefix_path')
[14.405s] INFO:colcon.colcon_core.shell:Creating environment hook '/home/kits/turtlebot3_ws/install/turtlebot3_simulations/share/turtlebot3_simulations/hook/cmake_prefix_path.ps1'
[14.405s] INFO:colcon.colcon_core.shell:Creating environment descriptor '/home/kits/turtlebot3_ws/install/turtlebot3_simulations/share/turtlebot3_simulations/hook/cmake_prefix_path.dsv'
[14.405s] INFO:colcon.colcon_core.shell:Creating environment hook '/home/kits/turtlebot3_ws/install/turtlebot3_simulations/share/turtlebot3_simulations/hook/cmake_prefix_path.sh'
[14.405s] Level 1:colcon.colcon_core.environment:checking '/home/kits/turtlebot3_ws/install/turtlebot3_simulations/bin'
[14.405s] Level 1:colcon.colcon_core.environment:checking '/home/kits/turtlebot3_ws/install/turtlebot3_simulations/lib/pkgconfig/turtlebot3_simulations.pc'
[14.405s] Level 1:colcon.colcon_core.environment:checking '/home/kits/turtlebot3_ws/install/turtlebot3_simulations/lib/python3.10/site-packages'
[14.406s] Level 1:colcon.colcon_core.environment:checking '/home/kits/turtlebot3_ws/install/turtlebot3_simulations/bin'
[14.406s] INFO:colcon.colcon_core.shell:Creating package script '/home/kits/turtlebot3_ws/install/turtlebot3_simulations/share/turtlebot3_simulations/package.ps1'
[14.406s] INFO:colcon.colcon_core.shell:Creating package descriptor '/home/kits/turtlebot3_ws/install/turtlebot3_simulations/share/turtlebot3_simulations/package.dsv'
[14.406s] INFO:colcon.colcon_core.shell:Creating package script '/home/kits/turtlebot3_ws/install/turtlebot3_simulations/share/turtlebot3_simulations/package.sh'
[14.406s] INFO:colcon.colcon_core.shell:Creating package script '/home/kits/turtlebot3_ws/install/turtlebot3_simulations/share/turtlebot3_simulations/package.bash'
[14.406s] INFO:colcon.colcon_core.shell:Creating package script '/home/kits/turtlebot3_ws/install/turtlebot3_simulations/share/turtlebot3_simulations/package.zsh'
[14.407s] Level 1:colcon.colcon_core.environment:create_file_with_runtime_dependencies(/home/kits/turtlebot3_ws/install/turtlebot3_simulations/share/colcon-core/packages/turtlebot3_simulations)
[14.407s] DEBUG:colcon.colcon_parallel_executor.executor.parallel:closing loop
[14.407s] DEBUG:colcon.colcon_parallel_executor.executor.parallel:loop closed
[14.407s] DEBUG:colcon.colcon_parallel_executor.executor.parallel:run_until_complete finished with '0'
[14.407s] DEBUG:colcon.colcon_core.event_reactor:joining thread
[14.411s] INFO:colcon.colcon_core.plugin_system:Skipping extension 'colcon_notification.desktop_notification.terminal_notifier': Not used on non-Darwin systems
[14.411s] INFO:colcon.colcon_core.plugin_system:Skipping extension 'colcon_notification.desktop_notification.win32': Not used on non-Windows systems
[14.411s] INFO:colcon.colcon_notification.desktop_notification:Sending desktop notification using 'notify2'
[14.419s] DEBUG:colcon.colcon_core.event_reactor:joined thread
[14.419s] INFO:colcon.colcon_core.shell:Creating prefix script '/home/kits/turtlebot3_ws/install/local_setup.ps1'
[14.420s] INFO:colcon.colcon_core.shell:Creating prefix util module '/home/kits/turtlebot3_ws/install/_local_setup_util_ps1.py'
[14.421s] INFO:colcon.colcon_core.shell:Creating prefix chain script '/home/kits/turtlebot3_ws/install/setup.ps1'
[14.423s] INFO:colcon.colcon_core.shell:Creating prefix script '/home/kits/turtlebot3_ws/install/local_setup.sh'
[14.423s] INFO:colcon.colcon_core.shell:Creating prefix util module '/home/kits/turtlebot3_ws/install/_local_setup_util_sh.py'
[14.423s] INFO:colcon.colcon_core.shell:Creating prefix chain script '/home/kits/turtlebot3_ws/install/setup.sh'
[14.424s] INFO:colcon.colcon_core.shell:Creating prefix script '/home/kits/turtlebot3_ws/install/local_setup.bash'
[14.424s] INFO:colcon.colcon_core.shell:Creating prefix chain script '/home/kits/turtlebot3_ws/install/setup.bash'
[14.425s] INFO:colcon.colcon_core.shell:Creating prefix script '/home/kits/turtlebot3_ws/install/local_setup.zsh'
[14.425s] INFO:colcon.colcon_core.shell:Creating prefix chain script '/home/kits/turtlebot3_ws/install/setup.zsh'
