running egg_info
writing ../../build/dynamic_obstacle_avoidance/dynamic_obstacle_avoidance.egg-info/PKG-INFO
writing dependency_links to ../../build/dynamic_obstacle_avoidance/dynamic_obstacle_avoidance.egg-info/dependency_links.txt
writing entry points to ../../build/dynamic_obstacle_avoidance/dynamic_obstacle_avoidance.egg-info/entry_points.txt
writing requirements to ../../build/dynamic_obstacle_avoidance/dynamic_obstacle_avoidance.egg-info/requires.txt
writing top-level names to ../../build/dynamic_obstacle_avoidance/dynamic_obstacle_avoidance.egg-info/top_level.txt
reading manifest file '../../build/dynamic_obstacle_avoidance/dynamic_obstacle_avoidance.egg-info/SOURCES.txt'
writing manifest file '../../build/dynamic_obstacle_avoidance/dynamic_obstacle_avoidance.egg-info/SOURCES.txt'
running build
running build_py
copying dynamic_obstacle_avoidance/simple_move_test.py -> /home/kits/turtlebot3_ws/build/dynamic_obstacle_avoidance/build/lib/dynamic_obstacle_avoidance
copying dynamic_obstacle_avoidance/astar_navigation_controller.py -> /home/kits/turtlebot3_ws/build/dynamic_obstacle_avoidance/build/lib/dynamic_obstacle_avoidance
running install
running install_lib
copying /home/kits/turtlebot3_ws/build/dynamic_obstacle_avoidance/build/lib/dynamic_obstacle_avoidance/simple_move_test.py -> /home/kits/turtlebot3_ws/install/dynamic_obstacle_avoidance/lib/python3.10/site-packages/dynamic_obstacle_avoidance
copying /home/kits/turtlebot3_ws/build/dynamic_obstacle_avoidance/build/lib/dynamic_obstacle_avoidance/astar_navigation_controller.py -> /home/kits/turtlebot3_ws/install/dynamic_obstacle_avoidance/lib/python3.10/site-packages/dynamic_obstacle_avoidance
byte-compiling /home/kits/turtlebot3_ws/install/dynamic_obstacle_avoidance/lib/python3.10/site-packages/dynamic_obstacle_avoidance/simple_move_test.py to simple_move_test.cpython-310.pyc
byte-compiling /home/kits/turtlebot3_ws/install/dynamic_obstacle_avoidance/lib/python3.10/site-packages/dynamic_obstacle_avoidance/astar_navigation_controller.py to astar_navigation_controller.cpython-310.pyc
running install_data
running install_egg_info
removing '/home/kits/turtlebot3_ws/install/dynamic_obstacle_avoidance/lib/python3.10/site-packages/dynamic_obstacle_avoidance-0.0.0-py3.10.egg-info' (and everything under it)
Copying ../../build/dynamic_obstacle_avoidance/dynamic_obstacle_avoidance.egg-info to /home/kits/turtlebot3_ws/install/dynamic_obstacle_avoidance/lib/python3.10/site-packages/dynamic_obstacle_avoidance-0.0.0-py3.10.egg-info
running install_scripts
Installing astar_navigation_controller script to /home/kits/turtlebot3_ws/install/dynamic_obstacle_avoidance/lib/dynamic_obstacle_avoidance
Installing goal_setter script to /home/kits/turtlebot3_ws/install/dynamic_obstacle_avoidance/lib/dynamic_obstacle_avoidance
Installing obstacle_spawner script to /home/kits/turtlebot3_ws/install/dynamic_obstacle_avoidance/lib/dynamic_obstacle_avoidance
Installing simple_controller script to /home/kits/turtlebot3_ws/install/dynamic_obstacle_avoidance/lib/dynamic_obstacle_avoidance
writing list of installed files to '/home/kits/turtlebot3_ws/build/dynamic_obstacle_avoidance/install.log'
