[0.374s] Invoking command in '/home/kits/turtlebot3_ws/build/dynamic_obstacle_avoidance': PYTHONPATH=/home/kits/turtlebot3_ws/build/dynamic_obstacle_avoidance/prefix_override:/usr/lib/python3/dist-packages/colcon_core/task/python/colcon_distutils_commands:/home/kits/turtlebot3_ws/install/dynamic_obstacle_avoidance/lib/python3.10/site-packages:${PYTHONPATH} /usr/bin/python3 -W ignore:setup.py install is deprecated -W ignore:easy_install command is deprecated setup.py develop --uninstall --editable --build-directory /home/kits/turtlebot3_ws/build/dynamic_obstacle_avoidance/build
[0.536s] running develop
[0.633s] Removing /home/kits/turtlebot3_ws/install/dynamic_obstacle_avoidance/lib/python3.10/site-packages/dynamic-obstacle-avoidance.egg-link (link to .)
[0.654s] Invoked command in '/home/kits/turtlebot3_ws/build/dynamic_obstacle_avoidance' returned '0': PYTHONPATH=/home/kits/turtlebot3_ws/build/dynamic_obstacle_avoidance/prefix_override:/usr/lib/python3/dist-packages/colcon_core/task/python/colcon_distutils_commands:/home/kits/turtlebot3_ws/install/dynamic_obstacle_avoidance/lib/python3.10/site-packages:${PYTHONPATH} /usr/bin/python3 -W ignore:setup.py install is deprecated -W ignore:easy_install command is deprecated setup.py develop --uninstall --editable --build-directory /home/kits/turtlebot3_ws/build/dynamic_obstacle_avoidance/build
[0.656s] Invoking command in '/home/kits/turtlebot3_ws/src/dynamic_obstacle_avoidance': PYTHONPATH=/home/kits/turtlebot3_ws/build/dynamic_obstacle_avoidance/prefix_override:/usr/lib/python3/dist-packages/colcon_core/task/python/colcon_distutils_commands:/home/kits/turtlebot3_ws/install/dynamic_obstacle_avoidance/lib/python3.10/site-packages:${PYTHONPATH} /usr/bin/python3 -W ignore:setup.py install is deprecated -W ignore:easy_install command is deprecated setup.py egg_info --egg-base ../../build/dynamic_obstacle_avoidance build --build-base /home/kits/turtlebot3_ws/build/dynamic_obstacle_avoidance/build install --record /home/kits/turtlebot3_ws/build/dynamic_obstacle_avoidance/install.log --single-version-externally-managed install_data --force
[0.796s] running egg_info
[0.797s] writing ../../build/dynamic_obstacle_avoidance/dynamic_obstacle_avoidance.egg-info/PKG-INFO
[0.797s] writing dependency_links to ../../build/dynamic_obstacle_avoidance/dynamic_obstacle_avoidance.egg-info/dependency_links.txt
[0.797s] writing entry points to ../../build/dynamic_obstacle_avoidance/dynamic_obstacle_avoidance.egg-info/entry_points.txt
[0.797s] writing requirements to ../../build/dynamic_obstacle_avoidance/dynamic_obstacle_avoidance.egg-info/requires.txt
[0.797s] writing top-level names to ../../build/dynamic_obstacle_avoidance/dynamic_obstacle_avoidance.egg-info/top_level.txt
[0.798s] reading manifest file '../../build/dynamic_obstacle_avoidance/dynamic_obstacle_avoidance.egg-info/SOURCES.txt'
[0.798s] writing manifest file '../../build/dynamic_obstacle_avoidance/dynamic_obstacle_avoidance.egg-info/SOURCES.txt'
[0.798s] running build
[0.798s] running build_py
[0.799s] creating /home/kits/turtlebot3_ws/build/dynamic_obstacle_avoidance/build
[0.799s] creating /home/kits/turtlebot3_ws/build/dynamic_obstacle_avoidance/build/lib
[0.799s] creating /home/kits/turtlebot3_ws/build/dynamic_obstacle_avoidance/build/lib/dynamic_obstacle_avoidance
[0.799s] copying dynamic_obstacle_avoidance/simple_controller.py -> /home/kits/turtlebot3_ws/build/dynamic_obstacle_avoidance/build/lib/dynamic_obstacle_avoidance
[0.799s] copying dynamic_obstacle_avoidance/obstacle_spawner.py -> /home/kits/turtlebot3_ws/build/dynamic_obstacle_avoidance/build/lib/dynamic_obstacle_avoidance
[0.799s] copying dynamic_obstacle_avoidance/__init__.py -> /home/kits/turtlebot3_ws/build/dynamic_obstacle_avoidance/build/lib/dynamic_obstacle_avoidance
[0.799s] running install
[0.799s] running install_lib
[0.799s] creating /home/kits/turtlebot3_ws/install/dynamic_obstacle_avoidance/lib/python3.10/site-packages/dynamic_obstacle_avoidance
[0.799s] copying /home/kits/turtlebot3_ws/build/dynamic_obstacle_avoidance/build/lib/dynamic_obstacle_avoidance/simple_controller.py -> /home/kits/turtlebot3_ws/install/dynamic_obstacle_avoidance/lib/python3.10/site-packages/dynamic_obstacle_avoidance
[0.799s] copying /home/kits/turtlebot3_ws/build/dynamic_obstacle_avoidance/build/lib/dynamic_obstacle_avoidance/obstacle_spawner.py -> /home/kits/turtlebot3_ws/install/dynamic_obstacle_avoidance/lib/python3.10/site-packages/dynamic_obstacle_avoidance
[0.800s] copying /home/kits/turtlebot3_ws/build/dynamic_obstacle_avoidance/build/lib/dynamic_obstacle_avoidance/__init__.py -> /home/kits/turtlebot3_ws/install/dynamic_obstacle_avoidance/lib/python3.10/site-packages/dynamic_obstacle_avoidance
[0.800s] byte-compiling /home/kits/turtlebot3_ws/install/dynamic_obstacle_avoidance/lib/python3.10/site-packages/dynamic_obstacle_avoidance/simple_controller.py to simple_controller.cpython-310.pyc
[0.801s] byte-compiling /home/kits/turtlebot3_ws/install/dynamic_obstacle_avoidance/lib/python3.10/site-packages/dynamic_obstacle_avoidance/obstacle_spawner.py to obstacle_spawner.cpython-310.pyc
[0.802s] byte-compiling /home/kits/turtlebot3_ws/install/dynamic_obstacle_avoidance/lib/python3.10/site-packages/dynamic_obstacle_avoidance/__init__.py to __init__.cpython-310.pyc
[0.802s] running install_data
[0.802s] copying resource/dynamic_obstacle_avoidance -> /home/kits/turtlebot3_ws/install/dynamic_obstacle_avoidance/share/ament_index/resource_index/packages
[0.802s] copying package.xml -> /home/kits/turtlebot3_ws/install/dynamic_obstacle_avoidance/share/dynamic_obstacle_avoidance
[0.802s] copying launch/complete_simulation.launch.py -> /home/kits/turtlebot3_ws/install/dynamic_obstacle_avoidance/share/dynamic_obstacle_avoidance/launch
[0.802s] running install_egg_info
[0.803s] Copying ../../build/dynamic_obstacle_avoidance/dynamic_obstacle_avoidance.egg-info to /home/kits/turtlebot3_ws/install/dynamic_obstacle_avoidance/lib/python3.10/site-packages/dynamic_obstacle_avoidance-0.0.0-py3.10.egg-info
[0.804s] running install_scripts
[0.819s] Installing obstacle_spawner script to /home/kits/turtlebot3_ws/install/dynamic_obstacle_avoidance/lib/dynamic_obstacle_avoidance
[0.819s] Installing simple_controller script to /home/kits/turtlebot3_ws/install/dynamic_obstacle_avoidance/lib/dynamic_obstacle_avoidance
[0.819s] writing list of installed files to '/home/kits/turtlebot3_ws/build/dynamic_obstacle_avoidance/install.log'
[0.847s] Invoked command in '/home/kits/turtlebot3_ws/src/dynamic_obstacle_avoidance' returned '0': PYTHONPATH=/home/kits/turtlebot3_ws/build/dynamic_obstacle_avoidance/prefix_override:/usr/lib/python3/dist-packages/colcon_core/task/python/colcon_distutils_commands:/home/kits/turtlebot3_ws/install/dynamic_obstacle_avoidance/lib/python3.10/site-packages:${PYTHONPATH} /usr/bin/python3 -W ignore:setup.py install is deprecated -W ignore:easy_install command is deprecated setup.py egg_info --egg-base ../../build/dynamic_obstacle_avoidance build --build-base /home/kits/turtlebot3_ws/build/dynamic_obstacle_avoidance/build install --record /home/kits/turtlebot3_ws/build/dynamic_obstacle_avoidance/install.log --single-version-externally-managed install_data --force
