[0.151s] DEBUG:colcon:Command line arguments: ['/usr/bin/colcon', 'build']
[0.151s] DEBUG:colcon:Parsed command line arguments: Namespace(log_base=None, log_level=None, verb_name='build', build_base='build', install_base='install', merge_install=False, symlink_install=False, test_result_base=None, continue_on_error=False, executor='parallel', parallel_workers=16, event_handlers=None, ignore_user_meta=False, metas=['./colcon.meta'], base_paths=['.'], packages_ignore=None, packages_ignore_regex=None, paths=None, packages_up_to=None, packages_up_to_regex=None, packages_above=None, packages_above_and_dependencies=None, packages_above_depth=None, packages_select_by_dep=None, packages_skip_by_dep=None, packages_skip_up_to=None, packages_select_build_failed=False, packages_skip_build_finished=False, packages_select_test_failures=False, packages_skip_test_passed=False, packages_select=None, packages_skip=None, packages_select_regex=None, packages_skip_regex=None, packages_start=None, packages_end=None, allow_overriding=[], cmake_args=None, cmake_target=None, cmake_target_skip_unavailable=False, cmake_clean_cache=False, cmake_clean_first=False, cmake_force_configure=False, ament_cmake_args=None, catkin_cmake_args=None, catkin_skip_building_tests=False, mixin_files=None, mixin=None, verb_parser=<colcon_mixin.mixin.mixin_argument.MixinArgumentDecorator object at 0x76d93745b460>, verb_extension=<colcon_core.verb.build.BuildVerb object at 0x76d93745add0>, main=<bound method BuildVerb.main of <colcon_core.verb.build.BuildVerb object at 0x76d93745add0>>, mixin_verb=('build',))
[0.308s] Level 1:colcon.colcon_core.package_discovery:discover_packages(colcon_meta) check parameters
[0.308s] Level 1:colcon.colcon_core.package_discovery:discover_packages(recursive) check parameters
[0.308s] Level 1:colcon.colcon_core.package_discovery:discover_packages(ignore) check parameters
[0.308s] Level 1:colcon.colcon_core.package_discovery:discover_packages(path) check parameters
[0.308s] Level 1:colcon.colcon_core.package_discovery:discover_packages(colcon_meta) discover
[0.308s] Level 1:colcon.colcon_core.package_discovery:discover_packages(recursive) discover
[0.308s] INFO:colcon.colcon_core.package_discovery:Crawling recursively for packages in '/home/kits/turtlebot3_ws'
[0.308s] Level 1:colcon.colcon_core.package_identification:_identify(.) by extensions ['ignore', 'ignore_ament_install']
[0.308s] Level 1:colcon.colcon_core.package_identification:_identify(.) by extension 'ignore'
[0.308s] Level 1:colcon.colcon_core.package_identification:_identify(.) by extension 'ignore_ament_install'
[0.308s] Level 1:colcon.colcon_core.package_identification:_identify(.) by extensions ['colcon_pkg']
[0.308s] Level 1:colcon.colcon_core.package_identification:_identify(.) by extension 'colcon_pkg'
[0.308s] Level 1:colcon.colcon_core.package_identification:_identify(.) by extensions ['colcon_meta']
[0.308s] Level 1:colcon.colcon_core.package_identification:_identify(.) by extension 'colcon_meta'
[0.308s] Level 1:colcon.colcon_core.package_identification:_identify(.) by extensions ['ros']
[0.308s] Level 1:colcon.colcon_core.package_identification:_identify(.) by extension 'ros'
[0.316s] Level 1:colcon.colcon_core.package_identification:_identify(.) by extensions ['cmake', 'python']
[0.316s] Level 1:colcon.colcon_core.package_identification:_identify(.) by extension 'cmake'
[0.316s] Level 1:colcon.colcon_core.package_identification:_identify(.) by extension 'python'
[0.316s] Level 1:colcon.colcon_core.package_identification:_identify(.) by extensions ['python_setup_py']
[0.316s] Level 1:colcon.colcon_core.package_identification:_identify(.) by extension 'python_setup_py'
[0.317s] Level 1:colcon.colcon_core.package_identification:_identify(build) by extensions ['ignore', 'ignore_ament_install']
[0.317s] Level 1:colcon.colcon_core.package_identification:_identify(build) by extension 'ignore'
[0.317s] Level 1:colcon.colcon_core.package_identification:_identify(build) ignored
[0.317s] Level 1:colcon.colcon_core.package_identification:_identify(install) by extensions ['ignore', 'ignore_ament_install']
[0.317s] Level 1:colcon.colcon_core.package_identification:_identify(install) by extension 'ignore'
[0.317s] Level 1:colcon.colcon_core.package_identification:_identify(install) ignored
[0.317s] Level 1:colcon.colcon_core.package_identification:_identify(log) by extensions ['ignore', 'ignore_ament_install']
[0.317s] Level 1:colcon.colcon_core.package_identification:_identify(log) by extension 'ignore'
[0.317s] Level 1:colcon.colcon_core.package_identification:_identify(log) ignored
[0.317s] Level 1:colcon.colcon_core.package_identification:_identify(src) by extensions ['ignore', 'ignore_ament_install']
[0.317s] Level 1:colcon.colcon_core.package_identification:_identify(src) by extension 'ignore'
[0.317s] Level 1:colcon.colcon_core.package_identification:_identify(src) by extension 'ignore_ament_install'
[0.317s] Level 1:colcon.colcon_core.package_identification:_identify(src) by extensions ['colcon_pkg']
[0.317s] Level 1:colcon.colcon_core.package_identification:_identify(src) by extension 'colcon_pkg'
[0.317s] Level 1:colcon.colcon_core.package_identification:_identify(src) by extensions ['colcon_meta']
[0.317s] Level 1:colcon.colcon_core.package_identification:_identify(src) by extension 'colcon_meta'
[0.317s] Level 1:colcon.colcon_core.package_identification:_identify(src) by extensions ['ros']
[0.317s] Level 1:colcon.colcon_core.package_identification:_identify(src) by extension 'ros'
[0.317s] Level 1:colcon.colcon_core.package_identification:_identify(src) by extensions ['cmake', 'python']
[0.317s] Level 1:colcon.colcon_core.package_identification:_identify(src) by extension 'cmake'
[0.317s] Level 1:colcon.colcon_core.package_identification:_identify(src) by extension 'python'
[0.317s] Level 1:colcon.colcon_core.package_identification:_identify(src) by extensions ['python_setup_py']
[0.317s] Level 1:colcon.colcon_core.package_identification:_identify(src) by extension 'python_setup_py'
[0.317s] Level 1:colcon.colcon_core.package_identification:_identify(src/dynamic_obstacle_avoidance) by extensions ['ignore', 'ignore_ament_install']
[0.317s] Level 1:colcon.colcon_core.package_identification:_identify(src/dynamic_obstacle_avoidance) by extension 'ignore'
[0.317s] Level 1:colcon.colcon_core.package_identification:_identify(src/dynamic_obstacle_avoidance) by extension 'ignore_ament_install'
[0.317s] Level 1:colcon.colcon_core.package_identification:_identify(src/dynamic_obstacle_avoidance) by extensions ['colcon_pkg']
[0.317s] Level 1:colcon.colcon_core.package_identification:_identify(src/dynamic_obstacle_avoidance) by extension 'colcon_pkg'
[0.317s] Level 1:colcon.colcon_core.package_identification:_identify(src/dynamic_obstacle_avoidance) by extensions ['colcon_meta']
[0.317s] Level 1:colcon.colcon_core.package_identification:_identify(src/dynamic_obstacle_avoidance) by extension 'colcon_meta'
[0.317s] Level 1:colcon.colcon_core.package_identification:_identify(src/dynamic_obstacle_avoidance) by extensions ['ros']
[0.317s] Level 1:colcon.colcon_core.package_identification:_identify(src/dynamic_obstacle_avoidance) by extension 'ros'
[0.320s] DEBUG:colcon.colcon_core.package_identification:Package 'src/dynamic_obstacle_avoidance' with type 'ros.ament_python' and name 'dynamic_obstacle_avoidance'
[0.320s] Level 1:colcon.colcon_core.package_identification:_identify(src/turtlebot3_simulations) by extensions ['ignore', 'ignore_ament_install']
[0.320s] Level 1:colcon.colcon_core.package_identification:_identify(src/turtlebot3_simulations) by extension 'ignore'
[0.320s] Level 1:colcon.colcon_core.package_identification:_identify(src/turtlebot3_simulations) by extension 'ignore_ament_install'
[0.320s] Level 1:colcon.colcon_core.package_identification:_identify(src/turtlebot3_simulations) by extensions ['colcon_pkg']
[0.320s] Level 1:colcon.colcon_core.package_identification:_identify(src/turtlebot3_simulations) by extension 'colcon_pkg'
[0.320s] Level 1:colcon.colcon_core.package_identification:_identify(src/turtlebot3_simulations) by extensions ['colcon_meta']
[0.320s] Level 1:colcon.colcon_core.package_identification:_identify(src/turtlebot3_simulations) by extension 'colcon_meta'
[0.320s] Level 1:colcon.colcon_core.package_identification:_identify(src/turtlebot3_simulations) by extensions ['ros']
[0.320s] Level 1:colcon.colcon_core.package_identification:_identify(src/turtlebot3_simulations) by extension 'ros'
[0.320s] Level 1:colcon.colcon_core.package_identification:_identify(src/turtlebot3_simulations) by extensions ['cmake', 'python']
[0.320s] Level 1:colcon.colcon_core.package_identification:_identify(src/turtlebot3_simulations) by extension 'cmake'
[0.320s] Level 1:colcon.colcon_core.package_identification:_identify(src/turtlebot3_simulations) by extension 'python'
[0.320s] Level 1:colcon.colcon_core.package_identification:_identify(src/turtlebot3_simulations) by extensions ['python_setup_py']
[0.320s] Level 1:colcon.colcon_core.package_identification:_identify(src/turtlebot3_simulations) by extension 'python_setup_py'
[0.320s] Level 1:colcon.colcon_core.package_identification:_identify(src/turtlebot3_simulations/turtlebot3_fake_node) by extensions ['ignore', 'ignore_ament_install']
[0.320s] Level 1:colcon.colcon_core.package_identification:_identify(src/turtlebot3_simulations/turtlebot3_fake_node) by extension 'ignore'
[0.320s] Level 1:colcon.colcon_core.package_identification:_identify(src/turtlebot3_simulations/turtlebot3_fake_node) by extension 'ignore_ament_install'
[0.320s] Level 1:colcon.colcon_core.package_identification:_identify(src/turtlebot3_simulations/turtlebot3_fake_node) by extensions ['colcon_pkg']
[0.320s] Level 1:colcon.colcon_core.package_identification:_identify(src/turtlebot3_simulations/turtlebot3_fake_node) by extension 'colcon_pkg'
[0.320s] Level 1:colcon.colcon_core.package_identification:_identify(src/turtlebot3_simulations/turtlebot3_fake_node) by extensions ['colcon_meta']
[0.320s] Level 1:colcon.colcon_core.package_identification:_identify(src/turtlebot3_simulations/turtlebot3_fake_node) by extension 'colcon_meta'
[0.320s] Level 1:colcon.colcon_core.package_identification:_identify(src/turtlebot3_simulations/turtlebot3_fake_node) by extensions ['ros']
[0.320s] Level 1:colcon.colcon_core.package_identification:_identify(src/turtlebot3_simulations/turtlebot3_fake_node) by extension 'ros'
[0.322s] DEBUG:colcon.colcon_core.package_identification:Package 'src/turtlebot3_simulations/turtlebot3_fake_node' with type 'ros.ament_cmake' and name 'turtlebot3_fake_node'
[0.322s] Level 1:colcon.colcon_core.package_identification:_identify(src/turtlebot3_simulations/turtlebot3_gazebo) by extensions ['ignore', 'ignore_ament_install']
[0.322s] Level 1:colcon.colcon_core.package_identification:_identify(src/turtlebot3_simulations/turtlebot3_gazebo) by extension 'ignore'
[0.322s] Level 1:colcon.colcon_core.package_identification:_identify(src/turtlebot3_simulations/turtlebot3_gazebo) by extension 'ignore_ament_install'
[0.322s] Level 1:colcon.colcon_core.package_identification:_identify(src/turtlebot3_simulations/turtlebot3_gazebo) by extensions ['colcon_pkg']
[0.322s] Level 1:colcon.colcon_core.package_identification:_identify(src/turtlebot3_simulations/turtlebot3_gazebo) by extension 'colcon_pkg'
[0.322s] Level 1:colcon.colcon_core.package_identification:_identify(src/turtlebot3_simulations/turtlebot3_gazebo) by extensions ['colcon_meta']
[0.322s] Level 1:colcon.colcon_core.package_identification:_identify(src/turtlebot3_simulations/turtlebot3_gazebo) by extension 'colcon_meta'
[0.322s] Level 1:colcon.colcon_core.package_identification:_identify(src/turtlebot3_simulations/turtlebot3_gazebo) by extensions ['ros']
[0.322s] Level 1:colcon.colcon_core.package_identification:_identify(src/turtlebot3_simulations/turtlebot3_gazebo) by extension 'ros'
[0.322s] DEBUG:colcon.colcon_core.package_identification:Package 'src/turtlebot3_simulations/turtlebot3_gazebo' with type 'ros.ament_cmake' and name 'turtlebot3_gazebo'
[0.322s] Level 1:colcon.colcon_core.package_identification:_identify(src/turtlebot3_simulations/turtlebot3_manipulation_gazebo) by extensions ['ignore', 'ignore_ament_install']
[0.323s] Level 1:colcon.colcon_core.package_identification:_identify(src/turtlebot3_simulations/turtlebot3_manipulation_gazebo) by extension 'ignore'
[0.323s] Level 1:colcon.colcon_core.package_identification:_identify(src/turtlebot3_simulations/turtlebot3_manipulation_gazebo) by extension 'ignore_ament_install'
[0.323s] Level 1:colcon.colcon_core.package_identification:_identify(src/turtlebot3_simulations/turtlebot3_manipulation_gazebo) by extensions ['colcon_pkg']
[0.323s] Level 1:colcon.colcon_core.package_identification:_identify(src/turtlebot3_simulations/turtlebot3_manipulation_gazebo) by extension 'colcon_pkg'
[0.323s] Level 1:colcon.colcon_core.package_identification:_identify(src/turtlebot3_simulations/turtlebot3_manipulation_gazebo) by extensions ['colcon_meta']
[0.323s] Level 1:colcon.colcon_core.package_identification:_identify(src/turtlebot3_simulations/turtlebot3_manipulation_gazebo) by extension 'colcon_meta'
[0.323s] Level 1:colcon.colcon_core.package_identification:_identify(src/turtlebot3_simulations/turtlebot3_manipulation_gazebo) by extensions ['ros']
[0.323s] Level 1:colcon.colcon_core.package_identification:_identify(src/turtlebot3_simulations/turtlebot3_manipulation_gazebo) by extension 'ros'
[0.323s] DEBUG:colcon.colcon_core.package_identification:Package 'src/turtlebot3_simulations/turtlebot3_manipulation_gazebo' with type 'ros.ament_cmake' and name 'turtlebot3_manipulation_gazebo'
[0.323s] Level 1:colcon.colcon_core.package_identification:_identify(src/turtlebot3_simulations/turtlebot3_simulations) by extensions ['ignore', 'ignore_ament_install']
[0.323s] Level 1:colcon.colcon_core.package_identification:_identify(src/turtlebot3_simulations/turtlebot3_simulations) by extension 'ignore'
[0.323s] Level 1:colcon.colcon_core.package_identification:_identify(src/turtlebot3_simulations/turtlebot3_simulations) by extension 'ignore_ament_install'
[0.323s] Level 1:colcon.colcon_core.package_identification:_identify(src/turtlebot3_simulations/turtlebot3_simulations) by extensions ['colcon_pkg']
[0.323s] Level 1:colcon.colcon_core.package_identification:_identify(src/turtlebot3_simulations/turtlebot3_simulations) by extension 'colcon_pkg'
[0.323s] Level 1:colcon.colcon_core.package_identification:_identify(src/turtlebot3_simulations/turtlebot3_simulations) by extensions ['colcon_meta']
[0.323s] Level 1:colcon.colcon_core.package_identification:_identify(src/turtlebot3_simulations/turtlebot3_simulations) by extension 'colcon_meta'
[0.323s] Level 1:colcon.colcon_core.package_identification:_identify(src/turtlebot3_simulations/turtlebot3_simulations) by extensions ['ros']
[0.323s] Level 1:colcon.colcon_core.package_identification:_identify(src/turtlebot3_simulations/turtlebot3_simulations) by extension 'ros'
[0.329s] DEBUG:colcon.colcon_core.package_identification:Package 'src/turtlebot3_simulations/turtlebot3_simulations' with type 'ros.ament_cmake' and name 'turtlebot3_simulations'
[0.330s] Level 1:colcon.colcon_core.package_discovery:discover_packages(recursive) using defaults
[0.330s] Level 1:colcon.colcon_core.package_discovery:discover_packages(ignore) discover
[0.330s] Level 1:colcon.colcon_core.package_discovery:discover_packages(ignore) using defaults
[0.330s] Level 1:colcon.colcon_core.package_discovery:discover_packages(path) discover
[0.330s] Level 1:colcon.colcon_core.package_discovery:discover_packages(path) using defaults
[0.347s] Level 1:colcon.colcon_core.package_discovery:discover_packages(prefix_path) check parameters
[0.347s] Level 1:colcon.colcon_core.package_discovery:discover_packages(prefix_path) discover
[0.348s] DEBUG:colcon.colcon_installed_package_information.package_discovery:Found 1 installed packages in /home/kits/ros2_ws/install
[0.349s] DEBUG:colcon.colcon_installed_package_information.package_discovery:Found 451 installed packages in /opt/ros/humble
[0.351s] Level 1:colcon.colcon_core.package_discovery:discover_packages(prefix_path) using defaults
[0.380s] Level 5:colcon.colcon_core.verb:set package 'dynamic_obstacle_avoidance' build argument 'cmake_args' from command line to 'None'
[0.380s] Level 5:colcon.colcon_core.verb:set package 'dynamic_obstacle_avoidance' build argument 'cmake_target' from command line to 'None'
[0.380s] Level 5:colcon.colcon_core.verb:set package 'dynamic_obstacle_avoidance' build argument 'cmake_target_skip_unavailable' from command line to 'False'
[0.380s] Level 5:colcon.colcon_core.verb:set package 'dynamic_obstacle_avoidance' build argument 'cmake_clean_cache' from command line to 'False'
[0.380s] Level 5:colcon.colcon_core.verb:set package 'dynamic_obstacle_avoidance' build argument 'cmake_clean_first' from command line to 'False'
[0.380s] Level 5:colcon.colcon_core.verb:set package 'dynamic_obstacle_avoidance' build argument 'cmake_force_configure' from command line to 'False'
[0.380s] Level 5:colcon.colcon_core.verb:set package 'dynamic_obstacle_avoidance' build argument 'ament_cmake_args' from command line to 'None'
[0.380s] Level 5:colcon.colcon_core.verb:set package 'dynamic_obstacle_avoidance' build argument 'catkin_cmake_args' from command line to 'None'
[0.380s] Level 5:colcon.colcon_core.verb:set package 'dynamic_obstacle_avoidance' build argument 'catkin_skip_building_tests' from command line to 'False'
[0.380s] DEBUG:colcon.colcon_core.verb:Building package 'dynamic_obstacle_avoidance' with the following arguments: {'ament_cmake_args': None, 'build_base': '/home/kits/turtlebot3_ws/build/dynamic_obstacle_avoidance', 'catkin_cmake_args': None, 'catkin_skip_building_tests': False, 'cmake_args': None, 'cmake_clean_cache': False, 'cmake_clean_first': False, 'cmake_force_configure': False, 'cmake_target': None, 'cmake_target_skip_unavailable': False, 'install_base': '/home/kits/turtlebot3_ws/install/dynamic_obstacle_avoidance', 'merge_install': False, 'path': '/home/kits/turtlebot3_ws/src/dynamic_obstacle_avoidance', 'symlink_install': False, 'test_result_base': None}
[0.380s] Level 5:colcon.colcon_core.verb:set package 'turtlebot3_fake_node' build argument 'cmake_args' from command line to 'None'
[0.380s] Level 5:colcon.colcon_core.verb:set package 'turtlebot3_fake_node' build argument 'cmake_target' from command line to 'None'
[0.380s] Level 5:colcon.colcon_core.verb:set package 'turtlebot3_fake_node' build argument 'cmake_target_skip_unavailable' from command line to 'False'
[0.380s] Level 5:colcon.colcon_core.verb:set package 'turtlebot3_fake_node' build argument 'cmake_clean_cache' from command line to 'False'
[0.380s] Level 5:colcon.colcon_core.verb:set package 'turtlebot3_fake_node' build argument 'cmake_clean_first' from command line to 'False'
[0.380s] Level 5:colcon.colcon_core.verb:set package 'turtlebot3_fake_node' build argument 'cmake_force_configure' from command line to 'False'
[0.380s] Level 5:colcon.colcon_core.verb:set package 'turtlebot3_fake_node' build argument 'ament_cmake_args' from command line to 'None'
[0.380s] Level 5:colcon.colcon_core.verb:set package 'turtlebot3_fake_node' build argument 'catkin_cmake_args' from command line to 'None'
[0.380s] Level 5:colcon.colcon_core.verb:set package 'turtlebot3_fake_node' build argument 'catkin_skip_building_tests' from command line to 'False'
[0.380s] DEBUG:colcon.colcon_core.verb:Building package 'turtlebot3_fake_node' with the following arguments: {'ament_cmake_args': None, 'build_base': '/home/kits/turtlebot3_ws/build/turtlebot3_fake_node', 'catkin_cmake_args': None, 'catkin_skip_building_tests': False, 'cmake_args': None, 'cmake_clean_cache': False, 'cmake_clean_first': False, 'cmake_force_configure': False, 'cmake_target': None, 'cmake_target_skip_unavailable': False, 'install_base': '/home/kits/turtlebot3_ws/install/turtlebot3_fake_node', 'merge_install': False, 'path': '/home/kits/turtlebot3_ws/src/turtlebot3_simulations/turtlebot3_fake_node', 'symlink_install': False, 'test_result_base': None}
[0.381s] Level 5:colcon.colcon_core.verb:set package 'turtlebot3_gazebo' build argument 'cmake_args' from command line to 'None'
[0.381s] Level 5:colcon.colcon_core.verb:set package 'turtlebot3_gazebo' build argument 'cmake_target' from command line to 'None'
[0.381s] Level 5:colcon.colcon_core.verb:set package 'turtlebot3_gazebo' build argument 'cmake_target_skip_unavailable' from command line to 'False'
[0.381s] Level 5:colcon.colcon_core.verb:set package 'turtlebot3_gazebo' build argument 'cmake_clean_cache' from command line to 'False'
[0.381s] Level 5:colcon.colcon_core.verb:set package 'turtlebot3_gazebo' build argument 'cmake_clean_first' from command line to 'False'
[0.381s] Level 5:colcon.colcon_core.verb:set package 'turtlebot3_gazebo' build argument 'cmake_force_configure' from command line to 'False'
[0.381s] Level 5:colcon.colcon_core.verb:set package 'turtlebot3_gazebo' build argument 'ament_cmake_args' from command line to 'None'
[0.381s] Level 5:colcon.colcon_core.verb:set package 'turtlebot3_gazebo' build argument 'catkin_cmake_args' from command line to 'None'
[0.381s] Level 5:colcon.colcon_core.verb:set package 'turtlebot3_gazebo' build argument 'catkin_skip_building_tests' from command line to 'False'
[0.381s] DEBUG:colcon.colcon_core.verb:Building package 'turtlebot3_gazebo' with the following arguments: {'ament_cmake_args': None, 'build_base': '/home/kits/turtlebot3_ws/build/turtlebot3_gazebo', 'catkin_cmake_args': None, 'catkin_skip_building_tests': False, 'cmake_args': None, 'cmake_clean_cache': False, 'cmake_clean_first': False, 'cmake_force_configure': False, 'cmake_target': None, 'cmake_target_skip_unavailable': False, 'install_base': '/home/kits/turtlebot3_ws/install/turtlebot3_gazebo', 'merge_install': False, 'path': '/home/kits/turtlebot3_ws/src/turtlebot3_simulations/turtlebot3_gazebo', 'symlink_install': False, 'test_result_base': None}
[0.381s] Level 5:colcon.colcon_core.verb:set package 'turtlebot3_manipulation_gazebo' build argument 'cmake_args' from command line to 'None'
[0.381s] Level 5:colcon.colcon_core.verb:set package 'turtlebot3_manipulation_gazebo' build argument 'cmake_target' from command line to 'None'
[0.381s] Level 5:colcon.colcon_core.verb:set package 'turtlebot3_manipulation_gazebo' build argument 'cmake_target_skip_unavailable' from command line to 'False'
[0.381s] Level 5:colcon.colcon_core.verb:set package 'turtlebot3_manipulation_gazebo' build argument 'cmake_clean_cache' from command line to 'False'
[0.381s] Level 5:colcon.colcon_core.verb:set package 'turtlebot3_manipulation_gazebo' build argument 'cmake_clean_first' from command line to 'False'
[0.381s] Level 5:colcon.colcon_core.verb:set package 'turtlebot3_manipulation_gazebo' build argument 'cmake_force_configure' from command line to 'False'
[0.381s] Level 5:colcon.colcon_core.verb:set package 'turtlebot3_manipulation_gazebo' build argument 'ament_cmake_args' from command line to 'None'
[0.381s] Level 5:colcon.colcon_core.verb:set package 'turtlebot3_manipulation_gazebo' build argument 'catkin_cmake_args' from command line to 'None'
[0.381s] Level 5:colcon.colcon_core.verb:set package 'turtlebot3_manipulation_gazebo' build argument 'catkin_skip_building_tests' from command line to 'False'
[0.381s] DEBUG:colcon.colcon_core.verb:Building package 'turtlebot3_manipulation_gazebo' with the following arguments: {'ament_cmake_args': None, 'build_base': '/home/kits/turtlebot3_ws/build/turtlebot3_manipulation_gazebo', 'catkin_cmake_args': None, 'catkin_skip_building_tests': False, 'cmake_args': None, 'cmake_clean_cache': False, 'cmake_clean_first': False, 'cmake_force_configure': False, 'cmake_target': None, 'cmake_target_skip_unavailable': False, 'install_base': '/home/kits/turtlebot3_ws/install/turtlebot3_manipulation_gazebo', 'merge_install': False, 'path': '/home/kits/turtlebot3_ws/src/turtlebot3_simulations/turtlebot3_manipulation_gazebo', 'symlink_install': False, 'test_result_base': None}
[0.381s] Level 5:colcon.colcon_core.verb:set package 'turtlebot3_simulations' build argument 'cmake_args' from command line to 'None'
[0.381s] Level 5:colcon.colcon_core.verb:set package 'turtlebot3_simulations' build argument 'cmake_target' from command line to 'None'
[0.381s] Level 5:colcon.colcon_core.verb:set package 'turtlebot3_simulations' build argument 'cmake_target_skip_unavailable' from command line to 'False'
[0.381s] Level 5:colcon.colcon_core.verb:set package 'turtlebot3_simulations' build argument 'cmake_clean_cache' from command line to 'False'
[0.381s] Level 5:colcon.colcon_core.verb:set package 'turtlebot3_simulations' build argument 'cmake_clean_first' from command line to 'False'
[0.381s] Level 5:colcon.colcon_core.verb:set package 'turtlebot3_simulations' build argument 'cmake_force_configure' from command line to 'False'
[0.381s] Level 5:colcon.colcon_core.verb:set package 'turtlebot3_simulations' build argument 'ament_cmake_args' from command line to 'None'
[0.381s] Level 5:colcon.colcon_core.verb:set package 'turtlebot3_simulations' build argument 'catkin_cmake_args' from command line to 'None'
[0.381s] Level 5:colcon.colcon_core.verb:set package 'turtlebot3_simulations' build argument 'catkin_skip_building_tests' from command line to 'False'
[0.381s] DEBUG:colcon.colcon_core.verb:Building package 'turtlebot3_simulations' with the following arguments: {'ament_cmake_args': None, 'build_base': '/home/kits/turtlebot3_ws/build/turtlebot3_simulations', 'catkin_cmake_args': None, 'catkin_skip_building_tests': False, 'cmake_args': None, 'cmake_clean_cache': False, 'cmake_clean_first': False, 'cmake_force_configure': False, 'cmake_target': None, 'cmake_target_skip_unavailable': False, 'install_base': '/home/kits/turtlebot3_ws/install/turtlebot3_simulations', 'merge_install': False, 'path': '/home/kits/turtlebot3_ws/src/turtlebot3_simulations/turtlebot3_simulations', 'symlink_install': False, 'test_result_base': None}
[0.381s] INFO:colcon.colcon_core.executor:Executing jobs using 'parallel' executor
[0.382s] DEBUG:colcon.colcon_parallel_executor.executor.parallel:run_until_complete
[0.382s] INFO:colcon.colcon_ros.task.ament_cmake.build:Building ROS package in '/home/kits/turtlebot3_ws/src/turtlebot3_simulations/turtlebot3_fake_node' with build type 'ament_cmake'
[0.382s] INFO:colcon.colcon_cmake.task.cmake.build:Building CMake package in '/home/kits/turtlebot3_ws/src/turtlebot3_simulations/turtlebot3_fake_node'
[0.384s] INFO:colcon.colcon_core.plugin_system:Skipping extension 'colcon_core.shell.bat': Not used on non-Windows systems
[0.384s] INFO:colcon.colcon_core.shell:Skip shell extension 'powershell' for command environment: Not usable outside of PowerShell
[0.384s] DEBUG:colcon.colcon_core.shell:Skip shell extension 'dsv' for command environment
[0.387s] INFO:colcon.colcon_ros.task.ament_cmake.build:Building ROS package in '/home/kits/turtlebot3_ws/src/turtlebot3_simulations/turtlebot3_gazebo' with build type 'ament_cmake'
[0.387s] INFO:colcon.colcon_cmake.task.cmake.build:Building CMake package in '/home/kits/turtlebot3_ws/src/turtlebot3_simulations/turtlebot3_gazebo'
[0.387s] INFO:colcon.colcon_core.shell:Skip shell extension 'powershell' for command environment: Not usable outside of PowerShell
[0.387s] DEBUG:colcon.colcon_core.shell:Skip shell extension 'dsv' for command environment
[0.389s] INFO:colcon.colcon_ros.task.ament_cmake.build:Building ROS package in '/home/kits/turtlebot3_ws/src/turtlebot3_simulations/turtlebot3_manipulation_gazebo' with build type 'ament_cmake'
[0.389s] INFO:colcon.colcon_cmake.task.cmake.build:Building CMake package in '/home/kits/turtlebot3_ws/src/turtlebot3_simulations/turtlebot3_manipulation_gazebo'
[0.389s] INFO:colcon.colcon_core.shell:Skip shell extension 'powershell' for command environment: Not usable outside of PowerShell
[0.389s] DEBUG:colcon.colcon_core.shell:Skip shell extension 'dsv' for command environment
[0.391s] INFO:colcon.colcon_ros.task.ament_python.build:Building ROS package in '/home/kits/turtlebot3_ws/src/dynamic_obstacle_avoidance' with build type 'ament_python'
[0.391s] Level 1:colcon.colcon_core.shell:create_environment_hook('dynamic_obstacle_avoidance', 'ament_prefix_path')
[0.391s] INFO:colcon.colcon_core.shell:Creating environment hook '/home/kits/turtlebot3_ws/install/dynamic_obstacle_avoidance/share/dynamic_obstacle_avoidance/hook/ament_prefix_path.ps1'
[0.391s] INFO:colcon.colcon_core.shell:Creating environment descriptor '/home/kits/turtlebot3_ws/install/dynamic_obstacle_avoidance/share/dynamic_obstacle_avoidance/hook/ament_prefix_path.dsv'
[0.392s] INFO:colcon.colcon_core.shell:Creating environment hook '/home/kits/turtlebot3_ws/install/dynamic_obstacle_avoidance/share/dynamic_obstacle_avoidance/hook/ament_prefix_path.sh'
[0.392s] INFO:colcon.colcon_core.shell:Skip shell extension 'powershell' for command environment: Not usable outside of PowerShell
[0.392s] DEBUG:colcon.colcon_core.shell:Skip shell extension 'dsv' for command environment
[0.398s] DEBUG:colcon.colcon_core.event_handler.log_command:Invoking command in '/home/kits/turtlebot3_ws/build/turtlebot3_fake_node': CMAKE_PREFIX_PATH=/home/kits/ros2_ws/install/dynamic_obstacle_avoidance:/opt/ros/humble /usr/bin/cmake --build /home/kits/turtlebot3_ws/build/turtlebot3_fake_node -- -j16 -l16
[0.400s] DEBUG:colcon.colcon_core.event_handler.log_command:Invoking command in '/home/kits/turtlebot3_ws/build/turtlebot3_gazebo': CMAKE_PREFIX_PATH=/home/kits/ros2_ws/install/dynamic_obstacle_avoidance:/opt/ros/humble /usr/bin/cmake --build /home/kits/turtlebot3_ws/build/turtlebot3_gazebo -- -j16 -l16
[0.404s] DEBUG:colcon.colcon_core.event_handler.log_command:Invoking command in '/home/kits/turtlebot3_ws/build/turtlebot3_manipulation_gazebo': CMAKE_PREFIX_PATH=/home/kits/ros2_ws/install/dynamic_obstacle_avoidance:/opt/ros/humble /usr/bin/cmake --build /home/kits/turtlebot3_ws/build/turtlebot3_manipulation_gazebo -- -j16 -l16
[0.559s] INFO:colcon.colcon_core.task.python.build:Building Python package in '/home/kits/turtlebot3_ws/src/dynamic_obstacle_avoidance'
[0.559s] INFO:colcon.colcon_core.shell:Skip shell extension 'powershell' for command environment: Not usable outside of PowerShell
[0.559s] DEBUG:colcon.colcon_core.shell:Skip shell extension 'dsv' for command environment
[0.563s] DEBUG:colcon.colcon_core.event_handler.log_command:Invoked command in '/home/kits/turtlebot3_ws/build/turtlebot3_gazebo' returned '0': CMAKE_PREFIX_PATH=/home/kits/ros2_ws/install/dynamic_obstacle_avoidance:/opt/ros/humble /usr/bin/cmake --build /home/kits/turtlebot3_ws/build/turtlebot3_gazebo -- -j16 -l16
[0.571s] DEBUG:colcon.colcon_core.event_handler.log_command:Invoking command in '/home/kits/turtlebot3_ws/build/turtlebot3_gazebo': CMAKE_PREFIX_PATH=/home/kits/ros2_ws/install/dynamic_obstacle_avoidance:/opt/ros/humble /usr/bin/cmake --install /home/kits/turtlebot3_ws/build/turtlebot3_gazebo
[0.571s] DEBUG:colcon.colcon_core.event_handler.log_command:Invoked command in '/home/kits/turtlebot3_ws/build/turtlebot3_fake_node' returned '0': CMAKE_PREFIX_PATH=/home/kits/ros2_ws/install/dynamic_obstacle_avoidance:/opt/ros/humble /usr/bin/cmake --build /home/kits/turtlebot3_ws/build/turtlebot3_fake_node -- -j16 -l16
[0.572s] DEBUG:colcon.colcon_core.event_handler.log_command:Invoking command in '/home/kits/turtlebot3_ws/build/turtlebot3_fake_node': CMAKE_PREFIX_PATH=/home/kits/ros2_ws/install/dynamic_obstacle_avoidance:/opt/ros/humble /usr/bin/cmake --install /home/kits/turtlebot3_ws/build/turtlebot3_fake_node
[0.573s] DEBUG:colcon.colcon_core.event_handler.log_command:Invoked command in '/home/kits/turtlebot3_ws/build/turtlebot3_manipulation_gazebo' returned '0': CMAKE_PREFIX_PATH=/home/kits/ros2_ws/install/dynamic_obstacle_avoidance:/opt/ros/humble /usr/bin/cmake --build /home/kits/turtlebot3_ws/build/turtlebot3_manipulation_gazebo -- -j16 -l16
[0.573s] DEBUG:colcon.colcon_core.event_handler.log_command:Invoking command in '/home/kits/turtlebot3_ws/build/turtlebot3_manipulation_gazebo': CMAKE_PREFIX_PATH=/home/kits/ros2_ws/install/dynamic_obstacle_avoidance:/opt/ros/humble /usr/bin/cmake --install /home/kits/turtlebot3_ws/build/turtlebot3_manipulation_gazebo
[0.583s] Level 1:colcon.colcon_core.environment:create_environment_scripts_only(turtlebot3_gazebo)
[0.591s] Level 1:colcon.colcon_core.environment:checking '/home/kits/turtlebot3_ws/install/turtlebot3_gazebo' for CMake module files
[0.592s] Level 1:colcon.colcon_core.environment:checking '/home/kits/turtlebot3_ws/install/turtlebot3_gazebo' for CMake config files
[0.592s] Level 1:colcon.colcon_core.shell:create_environment_hook('turtlebot3_gazebo', 'cmake_prefix_path')
[0.592s] INFO:colcon.colcon_core.shell:Creating environment hook '/home/kits/turtlebot3_ws/install/turtlebot3_gazebo/share/turtlebot3_gazebo/hook/cmake_prefix_path.ps1'
[0.593s] INFO:colcon.colcon_core.shell:Creating environment descriptor '/home/kits/turtlebot3_ws/install/turtlebot3_gazebo/share/turtlebot3_gazebo/hook/cmake_prefix_path.dsv'
[0.593s] INFO:colcon.colcon_core.shell:Creating environment hook '/home/kits/turtlebot3_ws/install/turtlebot3_gazebo/share/turtlebot3_gazebo/hook/cmake_prefix_path.sh'
[0.594s] Level 1:colcon.colcon_core.environment:checking '/home/kits/turtlebot3_ws/install/turtlebot3_gazebo/lib'
[0.594s] Level 1:colcon.colcon_core.environment:checking '/home/kits/turtlebot3_ws/install/turtlebot3_gazebo/bin'
[0.594s] Level 1:colcon.colcon_core.environment:checking '/home/kits/turtlebot3_ws/install/turtlebot3_gazebo/lib/pkgconfig/turtlebot3_gazebo.pc'
[0.594s] Level 1:colcon.colcon_core.environment:checking '/home/kits/turtlebot3_ws/install/turtlebot3_gazebo/lib/python3.10/site-packages'
[0.594s] Level 1:colcon.colcon_core.environment:checking '/home/kits/turtlebot3_ws/install/turtlebot3_gazebo/bin'
[0.595s] INFO:colcon.colcon_core.shell:Creating package script '/home/kits/turtlebot3_ws/install/turtlebot3_gazebo/share/turtlebot3_gazebo/package.ps1'
[0.595s] INFO:colcon.colcon_core.shell:Creating package descriptor '/home/kits/turtlebot3_ws/install/turtlebot3_gazebo/share/turtlebot3_gazebo/package.dsv'
[0.596s] INFO:colcon.colcon_core.shell:Creating package script '/home/kits/turtlebot3_ws/install/turtlebot3_gazebo/share/turtlebot3_gazebo/package.sh'
[0.597s] INFO:colcon.colcon_core.shell:Creating package script '/home/kits/turtlebot3_ws/install/turtlebot3_gazebo/share/turtlebot3_gazebo/package.bash'
[0.597s] INFO:colcon.colcon_core.shell:Creating package script '/home/kits/turtlebot3_ws/install/turtlebot3_gazebo/share/turtlebot3_gazebo/package.zsh'
[0.598s] Level 1:colcon.colcon_core.environment:create_file_with_runtime_dependencies(/home/kits/turtlebot3_ws/install/turtlebot3_gazebo/share/colcon-core/packages/turtlebot3_gazebo)
[0.598s] Level 1:colcon.colcon_core.environment:create_environment_scripts_only(turtlebot3_gazebo)
[0.599s] Level 1:colcon.colcon_core.environment:checking '/home/kits/turtlebot3_ws/install/turtlebot3_gazebo' for CMake module files
[0.604s] Level 1:colcon.colcon_core.environment:checking '/home/kits/turtlebot3_ws/install/turtlebot3_gazebo' for CMake config files
[0.608s] DEBUG:colcon.colcon_core.event_handler.log_command:Invoked command in '/home/kits/turtlebot3_ws/build/turtlebot3_gazebo' returned '0': CMAKE_PREFIX_PATH=/home/kits/ros2_ws/install/dynamic_obstacle_avoidance:/opt/ros/humble /usr/bin/cmake --install /home/kits/turtlebot3_ws/build/turtlebot3_gazebo
[0.608s] Level 1:colcon.colcon_core.shell:create_environment_hook('turtlebot3_gazebo', 'cmake_prefix_path')
[0.608s] INFO:colcon.colcon_core.shell:Creating environment hook '/home/kits/turtlebot3_ws/install/turtlebot3_gazebo/share/turtlebot3_gazebo/hook/cmake_prefix_path.ps1'
[0.609s] INFO:colcon.colcon_core.shell:Creating environment descriptor '/home/kits/turtlebot3_ws/install/turtlebot3_gazebo/share/turtlebot3_gazebo/hook/cmake_prefix_path.dsv'
[0.609s] INFO:colcon.colcon_core.shell:Creating environment hook '/home/kits/turtlebot3_ws/install/turtlebot3_gazebo/share/turtlebot3_gazebo/hook/cmake_prefix_path.sh'
[0.610s] Level 1:colcon.colcon_core.environment:checking '/home/kits/turtlebot3_ws/install/turtlebot3_gazebo/lib'
[0.610s] Level 1:colcon.colcon_core.environment:checking '/home/kits/turtlebot3_ws/install/turtlebot3_gazebo/bin'
[0.610s] Level 1:colcon.colcon_core.environment:checking '/home/kits/turtlebot3_ws/install/turtlebot3_gazebo/lib/pkgconfig/turtlebot3_gazebo.pc'
[0.610s] Level 1:colcon.colcon_core.environment:checking '/home/kits/turtlebot3_ws/install/turtlebot3_gazebo/lib/python3.10/site-packages'
[0.611s] Level 1:colcon.colcon_core.environment:checking '/home/kits/turtlebot3_ws/install/turtlebot3_gazebo/bin'
[0.611s] INFO:colcon.colcon_core.shell:Creating package script '/home/kits/turtlebot3_ws/install/turtlebot3_gazebo/share/turtlebot3_gazebo/package.ps1'
[0.612s] INFO:colcon.colcon_core.shell:Creating package descriptor '/home/kits/turtlebot3_ws/install/turtlebot3_gazebo/share/turtlebot3_gazebo/package.dsv'
[0.613s] INFO:colcon.colcon_core.shell:Creating package script '/home/kits/turtlebot3_ws/install/turtlebot3_gazebo/share/turtlebot3_gazebo/package.sh'
[0.613s] INFO:colcon.colcon_core.shell:Creating package script '/home/kits/turtlebot3_ws/install/turtlebot3_gazebo/share/turtlebot3_gazebo/package.bash'
[0.614s] INFO:colcon.colcon_core.shell:Creating package script '/home/kits/turtlebot3_ws/install/turtlebot3_gazebo/share/turtlebot3_gazebo/package.zsh'
[0.614s] Level 1:colcon.colcon_core.environment:create_file_with_runtime_dependencies(/home/kits/turtlebot3_ws/install/turtlebot3_gazebo/share/colcon-core/packages/turtlebot3_gazebo)
[0.615s] Level 1:colcon.colcon_core.environment:create_environment_scripts_only(turtlebot3_manipulation_gazebo)
[0.615s] Level 1:colcon.colcon_core.environment:checking '/home/kits/turtlebot3_ws/install/turtlebot3_manipulation_gazebo' for CMake module files
[0.617s] DEBUG:colcon.colcon_core.event_handler.log_command:Invoked command in '/home/kits/turtlebot3_ws/build/turtlebot3_manipulation_gazebo' returned '0': CMAKE_PREFIX_PATH=/home/kits/ros2_ws/install/dynamic_obstacle_avoidance:/opt/ros/humble /usr/bin/cmake --install /home/kits/turtlebot3_ws/build/turtlebot3_manipulation_gazebo
[0.617s] Level 1:colcon.colcon_core.environment:checking '/home/kits/turtlebot3_ws/install/turtlebot3_manipulation_gazebo' for CMake config files
[0.617s] Level 1:colcon.colcon_core.shell:create_environment_hook('turtlebot3_manipulation_gazebo', 'cmake_prefix_path')
[0.617s] INFO:colcon.colcon_core.shell:Creating environment hook '/home/kits/turtlebot3_ws/install/turtlebot3_manipulation_gazebo/share/turtlebot3_manipulation_gazebo/hook/cmake_prefix_path.ps1'
[0.618s] INFO:colcon.colcon_core.shell:Creating environment descriptor '/home/kits/turtlebot3_ws/install/turtlebot3_manipulation_gazebo/share/turtlebot3_manipulation_gazebo/hook/cmake_prefix_path.dsv'
[0.618s] INFO:colcon.colcon_core.shell:Creating environment hook '/home/kits/turtlebot3_ws/install/turtlebot3_manipulation_gazebo/share/turtlebot3_manipulation_gazebo/hook/cmake_prefix_path.sh'
[0.619s] Level 1:colcon.colcon_core.environment:checking '/home/kits/turtlebot3_ws/install/turtlebot3_manipulation_gazebo/bin'
[0.619s] Level 1:colcon.colcon_core.environment:checking '/home/kits/turtlebot3_ws/install/turtlebot3_manipulation_gazebo/lib/pkgconfig/turtlebot3_manipulation_gazebo.pc'
[0.619s] Level 1:colcon.colcon_core.environment:checking '/home/kits/turtlebot3_ws/install/turtlebot3_manipulation_gazebo/lib/python3.10/site-packages'
[0.619s] Level 1:colcon.colcon_core.environment:checking '/home/kits/turtlebot3_ws/install/turtlebot3_manipulation_gazebo/bin'
[0.619s] INFO:colcon.colcon_core.shell:Creating package script '/home/kits/turtlebot3_ws/install/turtlebot3_manipulation_gazebo/share/turtlebot3_manipulation_gazebo/package.ps1'
[0.620s] INFO:colcon.colcon_core.shell:Creating package descriptor '/home/kits/turtlebot3_ws/install/turtlebot3_manipulation_gazebo/share/turtlebot3_manipulation_gazebo/package.dsv'
[0.620s] INFO:colcon.colcon_core.shell:Creating package script '/home/kits/turtlebot3_ws/install/turtlebot3_manipulation_gazebo/share/turtlebot3_manipulation_gazebo/package.sh'
[0.620s] INFO:colcon.colcon_core.shell:Creating package script '/home/kits/turtlebot3_ws/install/turtlebot3_manipulation_gazebo/share/turtlebot3_manipulation_gazebo/package.bash'
[0.620s] INFO:colcon.colcon_core.shell:Creating package script '/home/kits/turtlebot3_ws/install/turtlebot3_manipulation_gazebo/share/turtlebot3_manipulation_gazebo/package.zsh'
[0.620s] Level 1:colcon.colcon_core.environment:create_file_with_runtime_dependencies(/home/kits/turtlebot3_ws/install/turtlebot3_manipulation_gazebo/share/colcon-core/packages/turtlebot3_manipulation_gazebo)
[0.621s] Level 1:colcon.colcon_core.environment:create_environment_scripts_only(turtlebot3_manipulation_gazebo)
[0.621s] Level 1:colcon.colcon_core.environment:checking '/home/kits/turtlebot3_ws/install/turtlebot3_manipulation_gazebo' for CMake module files
[0.621s] Level 1:colcon.colcon_core.environment:checking '/home/kits/turtlebot3_ws/install/turtlebot3_manipulation_gazebo' for CMake config files
[0.621s] Level 1:colcon.colcon_core.shell:create_environment_hook('turtlebot3_manipulation_gazebo', 'cmake_prefix_path')
[0.621s] INFO:colcon.colcon_core.shell:Creating environment hook '/home/kits/turtlebot3_ws/install/turtlebot3_manipulation_gazebo/share/turtlebot3_manipulation_gazebo/hook/cmake_prefix_path.ps1'
[0.621s] INFO:colcon.colcon_core.shell:Creating environment descriptor '/home/kits/turtlebot3_ws/install/turtlebot3_manipulation_gazebo/share/turtlebot3_manipulation_gazebo/hook/cmake_prefix_path.dsv'
[0.622s] INFO:colcon.colcon_core.shell:Creating environment hook '/home/kits/turtlebot3_ws/install/turtlebot3_manipulation_gazebo/share/turtlebot3_manipulation_gazebo/hook/cmake_prefix_path.sh'
[0.622s] Level 1:colcon.colcon_core.environment:checking '/home/kits/turtlebot3_ws/install/turtlebot3_manipulation_gazebo/bin'
[0.622s] Level 1:colcon.colcon_core.environment:checking '/home/kits/turtlebot3_ws/install/turtlebot3_manipulation_gazebo/lib/pkgconfig/turtlebot3_manipulation_gazebo.pc'
[0.622s] Level 1:colcon.colcon_core.environment:checking '/home/kits/turtlebot3_ws/install/turtlebot3_manipulation_gazebo/lib/python3.10/site-packages'
[0.622s] Level 1:colcon.colcon_core.environment:checking '/home/kits/turtlebot3_ws/install/turtlebot3_manipulation_gazebo/bin'
[0.622s] INFO:colcon.colcon_core.shell:Creating package script '/home/kits/turtlebot3_ws/install/turtlebot3_manipulation_gazebo/share/turtlebot3_manipulation_gazebo/package.ps1'
[0.623s] INFO:colcon.colcon_core.shell:Creating package descriptor '/home/kits/turtlebot3_ws/install/turtlebot3_manipulation_gazebo/share/turtlebot3_manipulation_gazebo/package.dsv'
[0.623s] INFO:colcon.colcon_core.shell:Creating package script '/home/kits/turtlebot3_ws/install/turtlebot3_manipulation_gazebo/share/turtlebot3_manipulation_gazebo/package.sh'
[0.623s] INFO:colcon.colcon_core.shell:Creating package script '/home/kits/turtlebot3_ws/install/turtlebot3_manipulation_gazebo/share/turtlebot3_manipulation_gazebo/package.bash'
[0.623s] INFO:colcon.colcon_core.shell:Creating package script '/home/kits/turtlebot3_ws/install/turtlebot3_manipulation_gazebo/share/turtlebot3_manipulation_gazebo/package.zsh'
[0.623s] Level 1:colcon.colcon_core.environment:create_file_with_runtime_dependencies(/home/kits/turtlebot3_ws/install/turtlebot3_manipulation_gazebo/share/colcon-core/packages/turtlebot3_manipulation_gazebo)
[0.624s] Level 1:colcon.colcon_core.environment:create_environment_scripts_only(turtlebot3_fake_node)
[0.624s] Level 1:colcon.colcon_core.environment:checking '/home/kits/turtlebot3_ws/install/turtlebot3_fake_node' for CMake module files
[0.625s] DEBUG:colcon.colcon_core.event_handler.log_command:Invoked command in '/home/kits/turtlebot3_ws/build/turtlebot3_fake_node' returned '0': CMAKE_PREFIX_PATH=/home/kits/ros2_ws/install/dynamic_obstacle_avoidance:/opt/ros/humble /usr/bin/cmake --install /home/kits/turtlebot3_ws/build/turtlebot3_fake_node
[0.625s] Level 1:colcon.colcon_core.environment:checking '/home/kits/turtlebot3_ws/install/turtlebot3_fake_node' for CMake config files
[0.625s] Level 1:colcon.colcon_core.shell:create_environment_hook('turtlebot3_fake_node', 'cmake_prefix_path')
[0.625s] INFO:colcon.colcon_core.shell:Creating environment hook '/home/kits/turtlebot3_ws/install/turtlebot3_fake_node/share/turtlebot3_fake_node/hook/cmake_prefix_path.ps1'
[0.626s] INFO:colcon.colcon_core.shell:Creating environment descriptor '/home/kits/turtlebot3_ws/install/turtlebot3_fake_node/share/turtlebot3_fake_node/hook/cmake_prefix_path.dsv'
[0.626s] INFO:colcon.colcon_core.shell:Creating environment hook '/home/kits/turtlebot3_ws/install/turtlebot3_fake_node/share/turtlebot3_fake_node/hook/cmake_prefix_path.sh'
[0.627s] Level 1:colcon.colcon_core.environment:checking '/home/kits/turtlebot3_ws/install/turtlebot3_fake_node/lib'
[0.627s] Level 1:colcon.colcon_core.environment:checking '/home/kits/turtlebot3_ws/install/turtlebot3_fake_node/bin'
[0.627s] Level 1:colcon.colcon_core.environment:checking '/home/kits/turtlebot3_ws/install/turtlebot3_fake_node/lib/pkgconfig/turtlebot3_fake_node.pc'
[0.627s] Level 1:colcon.colcon_core.environment:checking '/home/kits/turtlebot3_ws/install/turtlebot3_fake_node/lib/python3.10/site-packages'
[0.627s] Level 1:colcon.colcon_core.environment:checking '/home/kits/turtlebot3_ws/install/turtlebot3_fake_node/bin'
[0.628s] INFO:colcon.colcon_core.shell:Creating package script '/home/kits/turtlebot3_ws/install/turtlebot3_fake_node/share/turtlebot3_fake_node/package.ps1'
[0.628s] INFO:colcon.colcon_core.shell:Creating package descriptor '/home/kits/turtlebot3_ws/install/turtlebot3_fake_node/share/turtlebot3_fake_node/package.dsv'
[0.629s] INFO:colcon.colcon_core.shell:Creating package script '/home/kits/turtlebot3_ws/install/turtlebot3_fake_node/share/turtlebot3_fake_node/package.sh'
[0.629s] INFO:colcon.colcon_core.shell:Creating package script '/home/kits/turtlebot3_ws/install/turtlebot3_fake_node/share/turtlebot3_fake_node/package.bash'
[0.629s] INFO:colcon.colcon_core.shell:Creating package script '/home/kits/turtlebot3_ws/install/turtlebot3_fake_node/share/turtlebot3_fake_node/package.zsh'
[0.630s] Level 1:colcon.colcon_core.environment:create_file_with_runtime_dependencies(/home/kits/turtlebot3_ws/install/turtlebot3_fake_node/share/colcon-core/packages/turtlebot3_fake_node)
[0.630s] Level 1:colcon.colcon_core.environment:create_environment_scripts_only(turtlebot3_fake_node)
[0.630s] Level 1:colcon.colcon_core.environment:checking '/home/kits/turtlebot3_ws/install/turtlebot3_fake_node' for CMake module files
[0.631s] Level 1:colcon.colcon_core.environment:checking '/home/kits/turtlebot3_ws/install/turtlebot3_fake_node' for CMake config files
[0.631s] Level 1:colcon.colcon_core.shell:create_environment_hook('turtlebot3_fake_node', 'cmake_prefix_path')
[0.631s] INFO:colcon.colcon_core.shell:Creating environment hook '/home/kits/turtlebot3_ws/install/turtlebot3_fake_node/share/turtlebot3_fake_node/hook/cmake_prefix_path.ps1'
[0.632s] INFO:colcon.colcon_core.shell:Creating environment descriptor '/home/kits/turtlebot3_ws/install/turtlebot3_fake_node/share/turtlebot3_fake_node/hook/cmake_prefix_path.dsv'
[0.632s] INFO:colcon.colcon_core.shell:Creating environment hook '/home/kits/turtlebot3_ws/install/turtlebot3_fake_node/share/turtlebot3_fake_node/hook/cmake_prefix_path.sh'
[0.632s] Level 1:colcon.colcon_core.environment:checking '/home/kits/turtlebot3_ws/install/turtlebot3_fake_node/lib'
[0.633s] Level 1:colcon.colcon_core.environment:checking '/home/kits/turtlebot3_ws/install/turtlebot3_fake_node/bin'
[0.633s] Level 1:colcon.colcon_core.environment:checking '/home/kits/turtlebot3_ws/install/turtlebot3_fake_node/lib/pkgconfig/turtlebot3_fake_node.pc'
[0.633s] Level 1:colcon.colcon_core.environment:checking '/home/kits/turtlebot3_ws/install/turtlebot3_fake_node/lib/python3.10/site-packages'
[0.633s] Level 1:colcon.colcon_core.environment:checking '/home/kits/turtlebot3_ws/install/turtlebot3_fake_node/bin'
[0.633s] INFO:colcon.colcon_core.shell:Creating package script '/home/kits/turtlebot3_ws/install/turtlebot3_fake_node/share/turtlebot3_fake_node/package.ps1'
[0.634s] INFO:colcon.colcon_core.shell:Creating package descriptor '/home/kits/turtlebot3_ws/install/turtlebot3_fake_node/share/turtlebot3_fake_node/package.dsv'
[0.634s] INFO:colcon.colcon_core.shell:Creating package script '/home/kits/turtlebot3_ws/install/turtlebot3_fake_node/share/turtlebot3_fake_node/package.sh'
[0.635s] INFO:colcon.colcon_core.shell:Creating package script '/home/kits/turtlebot3_ws/install/turtlebot3_fake_node/share/turtlebot3_fake_node/package.bash'
[0.635s] INFO:colcon.colcon_core.shell:Creating package script '/home/kits/turtlebot3_ws/install/turtlebot3_fake_node/share/turtlebot3_fake_node/package.zsh'
[0.635s] Level 1:colcon.colcon_core.environment:create_file_with_runtime_dependencies(/home/kits/turtlebot3_ws/install/turtlebot3_fake_node/share/colcon-core/packages/turtlebot3_fake_node)
[0.636s] INFO:colcon.colcon_ros.task.ament_cmake.build:Building ROS package in '/home/kits/turtlebot3_ws/src/turtlebot3_simulations/turtlebot3_simulations' with build type 'ament_cmake'
[0.636s] INFO:colcon.colcon_cmake.task.cmake.build:Building CMake package in '/home/kits/turtlebot3_ws/src/turtlebot3_simulations/turtlebot3_simulations'
[0.636s] INFO:colcon.colcon_core.shell:Skip shell extension 'powershell' for command environment: Not usable outside of PowerShell
[0.636s] DEBUG:colcon.colcon_core.shell:Skip shell extension 'dsv' for command environment
[0.651s] DEBUG:colcon.colcon_core.event_handler.log_command:Invoking command in '/home/kits/turtlebot3_ws/build/turtlebot3_simulations': AMENT_PREFIX_PATH=/home/kits/turtlebot3_ws/install/turtlebot3_manipulation_gazebo:/home/kits/turtlebot3_ws/install/turtlebot3_gazebo:/home/kits/turtlebot3_ws/install/turtlebot3_fake_node:${AMENT_PREFIX_PATH} CMAKE_PREFIX_PATH=/home/kits/turtlebot3_ws/install/turtlebot3_manipulation_gazebo:/home/kits/turtlebot3_ws/install/turtlebot3_gazebo:/home/kits/turtlebot3_ws/install/turtlebot3_fake_node:/home/kits/ros2_ws/install/dynamic_obstacle_avoidance:/opt/ros/humble /usr/bin/cmake --build /home/kits/turtlebot3_ws/build/turtlebot3_simulations -- -j16 -l16
[0.684s] DEBUG:colcon.colcon_core.event_handler.log_command:Invoked command in '/home/kits/turtlebot3_ws/build/turtlebot3_simulations' returned '0': AMENT_PREFIX_PATH=/home/kits/turtlebot3_ws/install/turtlebot3_manipulation_gazebo:/home/kits/turtlebot3_ws/install/turtlebot3_gazebo:/home/kits/turtlebot3_ws/install/turtlebot3_fake_node:${AMENT_PREFIX_PATH} CMAKE_PREFIX_PATH=/home/kits/turtlebot3_ws/install/turtlebot3_manipulation_gazebo:/home/kits/turtlebot3_ws/install/turtlebot3_gazebo:/home/kits/turtlebot3_ws/install/turtlebot3_fake_node:/home/kits/ros2_ws/install/dynamic_obstacle_avoidance:/opt/ros/humble /usr/bin/cmake --build /home/kits/turtlebot3_ws/build/turtlebot3_simulations -- -j16 -l16
[0.686s] DEBUG:colcon.colcon_core.event_handler.log_command:Invoking command in '/home/kits/turtlebot3_ws/build/turtlebot3_simulations': AMENT_PREFIX_PATH=/home/kits/turtlebot3_ws/install/turtlebot3_manipulation_gazebo:/home/kits/turtlebot3_ws/install/turtlebot3_gazebo:/home/kits/turtlebot3_ws/install/turtlebot3_fake_node:${AMENT_PREFIX_PATH} CMAKE_PREFIX_PATH=/home/kits/turtlebot3_ws/install/turtlebot3_manipulation_gazebo:/home/kits/turtlebot3_ws/install/turtlebot3_gazebo:/home/kits/turtlebot3_ws/install/turtlebot3_fake_node:/home/kits/ros2_ws/install/dynamic_obstacle_avoidance:/opt/ros/humble /usr/bin/cmake --install /home/kits/turtlebot3_ws/build/turtlebot3_simulations
[0.693s] Level 1:colcon.colcon_core.environment:create_environment_scripts_only(turtlebot3_simulations)
[0.693s] Level 1:colcon.colcon_core.environment:checking '/home/kits/turtlebot3_ws/install/turtlebot3_simulations' for CMake module files
[0.694s] DEBUG:colcon.colcon_core.event_handler.log_command:Invoked command in '/home/kits/turtlebot3_ws/build/turtlebot3_simulations' returned '0': AMENT_PREFIX_PATH=/home/kits/turtlebot3_ws/install/turtlebot3_manipulation_gazebo:/home/kits/turtlebot3_ws/install/turtlebot3_gazebo:/home/kits/turtlebot3_ws/install/turtlebot3_fake_node:${AMENT_PREFIX_PATH} CMAKE_PREFIX_PATH=/home/kits/turtlebot3_ws/install/turtlebot3_manipulation_gazebo:/home/kits/turtlebot3_ws/install/turtlebot3_gazebo:/home/kits/turtlebot3_ws/install/turtlebot3_fake_node:/home/kits/ros2_ws/install/dynamic_obstacle_avoidance:/opt/ros/humble /usr/bin/cmake --install /home/kits/turtlebot3_ws/build/turtlebot3_simulations
[0.695s] Level 1:colcon.colcon_core.environment:checking '/home/kits/turtlebot3_ws/install/turtlebot3_simulations' for CMake config files
[0.695s] Level 1:colcon.colcon_core.shell:create_environment_hook('turtlebot3_simulations', 'cmake_prefix_path')
[0.695s] INFO:colcon.colcon_core.shell:Creating environment hook '/home/kits/turtlebot3_ws/install/turtlebot3_simulations/share/turtlebot3_simulations/hook/cmake_prefix_path.ps1'
[0.696s] INFO:colcon.colcon_core.shell:Creating environment descriptor '/home/kits/turtlebot3_ws/install/turtlebot3_simulations/share/turtlebot3_simulations/hook/cmake_prefix_path.dsv'
[0.696s] INFO:colcon.colcon_core.shell:Creating environment hook '/home/kits/turtlebot3_ws/install/turtlebot3_simulations/share/turtlebot3_simulations/hook/cmake_prefix_path.sh'
[0.697s] Level 1:colcon.colcon_core.environment:checking '/home/kits/turtlebot3_ws/install/turtlebot3_simulations/bin'
[0.697s] Level 1:colcon.colcon_core.environment:checking '/home/kits/turtlebot3_ws/install/turtlebot3_simulations/lib/pkgconfig/turtlebot3_simulations.pc'
[0.697s] Level 1:colcon.colcon_core.environment:checking '/home/kits/turtlebot3_ws/install/turtlebot3_simulations/lib/python3.10/site-packages'
[0.698s] Level 1:colcon.colcon_core.environment:checking '/home/kits/turtlebot3_ws/install/turtlebot3_simulations/bin'
[0.698s] INFO:colcon.colcon_core.shell:Creating package script '/home/kits/turtlebot3_ws/install/turtlebot3_simulations/share/turtlebot3_simulations/package.ps1'
[0.698s] INFO:colcon.colcon_core.shell:Creating package descriptor '/home/kits/turtlebot3_ws/install/turtlebot3_simulations/share/turtlebot3_simulations/package.dsv'
[0.699s] INFO:colcon.colcon_core.shell:Creating package script '/home/kits/turtlebot3_ws/install/turtlebot3_simulations/share/turtlebot3_simulations/package.sh'
[0.699s] INFO:colcon.colcon_core.shell:Creating package script '/home/kits/turtlebot3_ws/install/turtlebot3_simulations/share/turtlebot3_simulations/package.bash'
[0.700s] INFO:colcon.colcon_core.shell:Creating package script '/home/kits/turtlebot3_ws/install/turtlebot3_simulations/share/turtlebot3_simulations/package.zsh'
[0.700s] Level 1:colcon.colcon_core.environment:create_file_with_runtime_dependencies(/home/kits/turtlebot3_ws/install/turtlebot3_simulations/share/colcon-core/packages/turtlebot3_simulations)
[0.701s] Level 1:colcon.colcon_core.environment:create_environment_scripts_only(turtlebot3_simulations)
[0.701s] Level 1:colcon.colcon_core.environment:checking '/home/kits/turtlebot3_ws/install/turtlebot3_simulations' for CMake module files
[0.701s] Level 1:colcon.colcon_core.environment:checking '/home/kits/turtlebot3_ws/install/turtlebot3_simulations' for CMake config files
[0.701s] Level 1:colcon.colcon_core.shell:create_environment_hook('turtlebot3_simulations', 'cmake_prefix_path')
[0.702s] INFO:colcon.colcon_core.shell:Creating environment hook '/home/kits/turtlebot3_ws/install/turtlebot3_simulations/share/turtlebot3_simulations/hook/cmake_prefix_path.ps1'
[0.702s] INFO:colcon.colcon_core.shell:Creating environment descriptor '/home/kits/turtlebot3_ws/install/turtlebot3_simulations/share/turtlebot3_simulations/hook/cmake_prefix_path.dsv'
[0.702s] INFO:colcon.colcon_core.shell:Creating environment hook '/home/kits/turtlebot3_ws/install/turtlebot3_simulations/share/turtlebot3_simulations/hook/cmake_prefix_path.sh'
[0.703s] Level 1:colcon.colcon_core.environment:checking '/home/kits/turtlebot3_ws/install/turtlebot3_simulations/bin'
[0.703s] Level 1:colcon.colcon_core.environment:checking '/home/kits/turtlebot3_ws/install/turtlebot3_simulations/lib/pkgconfig/turtlebot3_simulations.pc'
[0.703s] Level 1:colcon.colcon_core.environment:checking '/home/kits/turtlebot3_ws/install/turtlebot3_simulations/lib/python3.10/site-packages'
[0.703s] Level 1:colcon.colcon_core.environment:checking '/home/kits/turtlebot3_ws/install/turtlebot3_simulations/bin'
[0.704s] INFO:colcon.colcon_core.shell:Creating package script '/home/kits/turtlebot3_ws/install/turtlebot3_simulations/share/turtlebot3_simulations/package.ps1'
[0.704s] INFO:colcon.colcon_core.shell:Creating package descriptor '/home/kits/turtlebot3_ws/install/turtlebot3_simulations/share/turtlebot3_simulations/package.dsv'
[0.704s] INFO:colcon.colcon_core.shell:Creating package script '/home/kits/turtlebot3_ws/install/turtlebot3_simulations/share/turtlebot3_simulations/package.sh'
[0.705s] INFO:colcon.colcon_core.shell:Creating package script '/home/kits/turtlebot3_ws/install/turtlebot3_simulations/share/turtlebot3_simulations/package.bash'
[0.705s] INFO:colcon.colcon_core.shell:Creating package script '/home/kits/turtlebot3_ws/install/turtlebot3_simulations/share/turtlebot3_simulations/package.zsh'
[0.706s] Level 1:colcon.colcon_core.environment:create_file_with_runtime_dependencies(/home/kits/turtlebot3_ws/install/turtlebot3_simulations/share/colcon-core/packages/turtlebot3_simulations)
[0.848s] DEBUG:colcon.colcon_core.event_handler.log_command:Invoking command in '/home/kits/turtlebot3_ws/src/dynamic_obstacle_avoidance': PYTHONPATH=/home/kits/turtlebot3_ws/build/dynamic_obstacle_avoidance/prefix_override:/usr/lib/python3/dist-packages/colcon_core/task/python/colcon_distutils_commands:/home/kits/turtlebot3_ws/install/dynamic_obstacle_avoidance/lib/python3.10/site-packages:${PYTHONPATH} /usr/bin/python3 -W ignore:setup.py install is deprecated -W ignore:easy_install command is deprecated setup.py egg_info --egg-base ../../build/dynamic_obstacle_avoidance build --build-base /home/kits/turtlebot3_ws/build/dynamic_obstacle_avoidance/build install --record /home/kits/turtlebot3_ws/build/dynamic_obstacle_avoidance/install.log --single-version-externally-managed install_data
[1.023s] Level 1:colcon.colcon_core.environment:checking '/home/kits/turtlebot3_ws/install/dynamic_obstacle_avoidance' for CMake module files
[1.023s] DEBUG:colcon.colcon_core.event_handler.log_command:Invoked command in '/home/kits/turtlebot3_ws/src/dynamic_obstacle_avoidance' returned '0': PYTHONPATH=/home/kits/turtlebot3_ws/build/dynamic_obstacle_avoidance/prefix_override:/usr/lib/python3/dist-packages/colcon_core/task/python/colcon_distutils_commands:/home/kits/turtlebot3_ws/install/dynamic_obstacle_avoidance/lib/python3.10/site-packages:${PYTHONPATH} /usr/bin/python3 -W ignore:setup.py install is deprecated -W ignore:easy_install command is deprecated setup.py egg_info --egg-base ../../build/dynamic_obstacle_avoidance build --build-base /home/kits/turtlebot3_ws/build/dynamic_obstacle_avoidance/build install --record /home/kits/turtlebot3_ws/build/dynamic_obstacle_avoidance/install.log --single-version-externally-managed install_data
[1.024s] Level 1:colcon.colcon_core.environment:checking '/home/kits/turtlebot3_ws/install/dynamic_obstacle_avoidance' for CMake config files
[1.025s] Level 1:colcon.colcon_core.environment:checking '/home/kits/turtlebot3_ws/install/dynamic_obstacle_avoidance/lib'
[1.025s] Level 1:colcon.colcon_core.environment:checking '/home/kits/turtlebot3_ws/install/dynamic_obstacle_avoidance/bin'
[1.025s] Level 1:colcon.colcon_core.environment:checking '/home/kits/turtlebot3_ws/install/dynamic_obstacle_avoidance/lib/pkgconfig/dynamic_obstacle_avoidance.pc'
[1.025s] Level 1:colcon.colcon_core.environment:checking '/home/kits/turtlebot3_ws/install/dynamic_obstacle_avoidance/lib/python3.10/site-packages'
[1.025s] Level 1:colcon.colcon_core.shell:create_environment_hook('dynamic_obstacle_avoidance', 'pythonpath')
[1.026s] INFO:colcon.colcon_core.shell:Creating environment hook '/home/kits/turtlebot3_ws/install/dynamic_obstacle_avoidance/share/dynamic_obstacle_avoidance/hook/pythonpath.ps1'
[1.026s] INFO:colcon.colcon_core.shell:Creating environment descriptor '/home/kits/turtlebot3_ws/install/dynamic_obstacle_avoidance/share/dynamic_obstacle_avoidance/hook/pythonpath.dsv'
[1.027s] INFO:colcon.colcon_core.shell:Creating environment hook '/home/kits/turtlebot3_ws/install/dynamic_obstacle_avoidance/share/dynamic_obstacle_avoidance/hook/pythonpath.sh'
[1.027s] Level 1:colcon.colcon_core.environment:checking '/home/kits/turtlebot3_ws/install/dynamic_obstacle_avoidance/bin'
[1.027s] Level 1:colcon.colcon_core.environment:create_environment_scripts_only(dynamic_obstacle_avoidance)
[1.028s] INFO:colcon.colcon_core.shell:Creating package script '/home/kits/turtlebot3_ws/install/dynamic_obstacle_avoidance/share/dynamic_obstacle_avoidance/package.ps1'
[1.029s] INFO:colcon.colcon_core.shell:Creating package descriptor '/home/kits/turtlebot3_ws/install/dynamic_obstacle_avoidance/share/dynamic_obstacle_avoidance/package.dsv'
[1.029s] INFO:colcon.colcon_core.shell:Creating package script '/home/kits/turtlebot3_ws/install/dynamic_obstacle_avoidance/share/dynamic_obstacle_avoidance/package.sh'
[1.029s] INFO:colcon.colcon_core.shell:Creating package script '/home/kits/turtlebot3_ws/install/dynamic_obstacle_avoidance/share/dynamic_obstacle_avoidance/package.bash'
[1.029s] INFO:colcon.colcon_core.shell:Creating package script '/home/kits/turtlebot3_ws/install/dynamic_obstacle_avoidance/share/dynamic_obstacle_avoidance/package.zsh'
[1.029s] Level 1:colcon.colcon_core.environment:create_file_with_runtime_dependencies(/home/kits/turtlebot3_ws/install/dynamic_obstacle_avoidance/share/colcon-core/packages/dynamic_obstacle_avoidance)
[1.029s] DEBUG:colcon.colcon_parallel_executor.executor.parallel:closing loop
[1.030s] DEBUG:colcon.colcon_parallel_executor.executor.parallel:loop closed
[1.030s] DEBUG:colcon.colcon_parallel_executor.executor.parallel:run_until_complete finished with '0'
[1.030s] DEBUG:colcon.colcon_core.event_reactor:joining thread
[1.037s] INFO:colcon.colcon_core.plugin_system:Skipping extension 'colcon_notification.desktop_notification.terminal_notifier': Not used on non-Darwin systems
[1.037s] INFO:colcon.colcon_core.plugin_system:Skipping extension 'colcon_notification.desktop_notification.win32': Not used on non-Windows systems
[1.037s] INFO:colcon.colcon_notification.desktop_notification:Sending desktop notification using 'notify2'
[1.053s] DEBUG:colcon.colcon_core.event_reactor:joined thread
[1.053s] INFO:colcon.colcon_core.shell:Creating prefix script '/home/kits/turtlebot3_ws/install/local_setup.ps1'
[1.054s] INFO:colcon.colcon_core.shell:Creating prefix util module '/home/kits/turtlebot3_ws/install/_local_setup_util_ps1.py'
[1.055s] INFO:colcon.colcon_core.shell:Creating prefix chain script '/home/kits/turtlebot3_ws/install/setup.ps1'
[1.056s] INFO:colcon.colcon_core.shell:Creating prefix script '/home/kits/turtlebot3_ws/install/local_setup.sh'
[1.056s] INFO:colcon.colcon_core.shell:Creating prefix util module '/home/kits/turtlebot3_ws/install/_local_setup_util_sh.py'
[1.056s] INFO:colcon.colcon_core.shell:Creating prefix chain script '/home/kits/turtlebot3_ws/install/setup.sh'
[1.057s] INFO:colcon.colcon_core.shell:Creating prefix script '/home/kits/turtlebot3_ws/install/local_setup.bash'
[1.058s] INFO:colcon.colcon_core.shell:Creating prefix chain script '/home/kits/turtlebot3_ws/install/setup.bash'
[1.059s] INFO:colcon.colcon_core.shell:Creating prefix script '/home/kits/turtlebot3_ws/install/local_setup.zsh'
[1.060s] INFO:colcon.colcon_core.shell:Creating prefix chain script '/home/kits/turtlebot3_ws/install/setup.zsh'
