running develop
running egg_info
creating dynamic_obstacle_avoidance.egg-info
writing dynamic_obstacle_avoidance.egg-info/PKG-INFO
writing dependency_links to dynamic_obstacle_avoidance.egg-info/dependency_links.txt
writing entry points to dynamic_obstacle_avoidance.egg-info/entry_points.txt
writing requirements to dynamic_obstacle_avoidance.egg-info/requires.txt
writing top-level names to dynamic_obstacle_avoidance.egg-info/top_level.txt
writing manifest file 'dynamic_obstacle_avoidance.egg-info/SOURCES.txt'
reading manifest file 'dynamic_obstacle_avoidance.egg-info/SOURCES.txt'
writing manifest file 'dynamic_obstacle_avoidance.egg-info/SOURCES.txt'
running build_ext
Creating /home/kits/turtlebot3_ws/install/dynamic_obstacle_avoidance/lib/python3.10/site-packages/dynamic-obstacle-avoidance.egg-link (link to .)
Installing obstacle_spawner script to /home/kits/turtlebot3_ws/install/dynamic_obstacle_avoidance/lib/dynamic_obstacle_avoidance
Installing simple_controller script to /home/kits/turtlebot3_ws/install/dynamic_obstacle_avoidance/lib/dynamic_obstacle_avoidance

Installed /home/kits/turtlebot3_ws/build/dynamic_obstacle_avoidance
running symlink_data
creating /home/kits/turtlebot3_ws/install/dynamic_obstacle_avoidance/share/ament_index
creating /home/kits/turtlebot3_ws/install/dynamic_obstacle_avoidance/share/ament_index/resource_index
creating /home/kits/turtlebot3_ws/install/dynamic_obstacle_avoidance/share/ament_index/resource_index/packages
symbolically linking /home/kits/turtlebot3_ws/build/dynamic_obstacle_avoidance/resource/dynamic_obstacle_avoidance -> /home/kits/turtlebot3_ws/install/dynamic_obstacle_avoidance/share/ament_index/resource_index/packages
symbolically linking /home/kits/turtlebot3_ws/build/dynamic_obstacle_avoidance/package.xml -> /home/kits/turtlebot3_ws/install/dynamic_obstacle_avoidance/share/dynamic_obstacle_avoidance
creating /home/kits/turtlebot3_ws/install/dynamic_obstacle_avoidance/share/dynamic_obstacle_avoidance/launch
symbolically linking /home/kits/turtlebot3_ws/build/dynamic_obstacle_avoidance/launch/complete_simulation.launch.py -> /home/kits/turtlebot3_ws/install/dynamic_obstacle_avoidance/share/dynamic_obstacle_avoidance/launch
