[0.014s] Invoking command in '/home/kits/turtlebot3_ws/build/turtlebot3_fake_node': CMAKE_PREFIX_PATH=/home/kits/turtlebot3_ws/install/dynamic_obstacle_avoidance:/home/kits/ros2_ws/install/dynamic_obstacle_avoidance:/opt/ros/humble /usr/bin/cmake /home/kits/turtlebot3_ws/src/turtlebot3_simulations/turtlebot3_fake_node -DCMAKE_INSTALL_PREFIX=/home/kits/turtlebot3_ws/install/turtlebot3_fake_node
[0.137s] -- The C compiler identification is GNU 11.4.0
[0.230s] -- The CXX compiler identification is GNU 11.4.0
[0.235s] -- Detecting C compiler ABI info
[0.292s] -- Detecting C compiler ABI info - done
[0.298s] -- Check for working C compiler: /usr/bin/cc - skipped
[0.298s] -- Detecting C compile features
[0.298s] -- Detecting C compile features - done
[0.300s] -- Detecting CXX compiler ABI info
[0.357s] -- Detecting CXX compiler ABI info - done
[0.363s] -- Check for working CXX compiler: /usr/bin/c++ - skipped
[0.363s] -- Detecting CXX compile features
[0.363s] -- Detecting CXX compile features - done
[0.368s] -- Found ament_cmake: 1.3.12 (/opt/ros/humble/share/ament_cmake/cmake)
[0.487s] -- Found Python3: /usr/bin/python3 (found version "3.10.12") found components: Interpreter 
[0.570s] -- Found geometry_msgs: 4.9.0 (/opt/ros/humble/share/geometry_msgs/cmake)
[0.613s] -- Found rosidl_generator_c: 3.1.7 (/opt/ros/humble/share/rosidl_generator_c/cmake)
[0.619s] -- Found rosidl_adapter: 3.1.7 (/opt/ros/humble/share/rosidl_adapter/cmake)
[0.627s] -- Found rosidl_generator_cpp: 3.1.7 (/opt/ros/humble/share/rosidl_generator_cpp/cmake)
[0.642s] -- Using all available rosidl_typesupport_c: rosidl_typesupport_fastrtps_c;rosidl_typesupport_introspection_c
[0.657s] -- Using all available rosidl_typesupport_cpp: rosidl_typesupport_fastrtps_cpp;rosidl_typesupport_introspection_cpp
[0.693s] -- Found nav_msgs: 4.9.0 (/opt/ros/humble/share/nav_msgs/cmake)
[0.707s] -- Found rclcpp: 16.0.14 (/opt/ros/humble/share/rclcpp/cmake)
[0.748s] -- Found rmw_implementation_cmake: 6.1.2 (/opt/ros/humble/share/rmw_implementation_cmake/cmake)
[0.751s] -- Found rmw_fastrtps_cpp: 6.2.8 (/opt/ros/humble/share/rmw_fastrtps_cpp/cmake)
[0.818s] -- Found OpenSSL: /usr/lib/x86_64-linux-gnu/libcrypto.so (found version "3.0.2")  
[0.842s] -- Found FastRTPS: /opt/ros/humble/include  
[0.870s] -- Using RMW implementation 'rmw_fastrtps_cpp' as default
[0.878s] -- Looking for pthread.h
[0.931s] -- Looking for pthread.h - found
[0.931s] -- Performing Test CMAKE_HAVE_LIBC_PTHREAD
[0.983s] -- Performing Test CMAKE_HAVE_LIBC_PTHREAD - Success
[0.984s] -- Found Threads: TRUE  
[1.015s] -- Found sensor_msgs: 4.9.0 (/opt/ros/humble/share/sensor_msgs/cmake)
[1.030s] -- Found tf2: 0.25.16 (/opt/ros/humble/share/tf2/cmake)
[1.038s] -- Found tf2_msgs: 0.25.16 (/opt/ros/humble/share/tf2_msgs/cmake)
[1.073s] -- Found turtlebot3_msgs: 2.4.0 (/opt/ros/humble/share/turtlebot3_msgs/cmake)
[1.127s] -- Configuring done
[1.135s] -- Generating done
[1.138s] -- Build files have been written to: /home/kits/turtlebot3_ws/build/turtlebot3_fake_node
[1.146s] Invoked command in '/home/kits/turtlebot3_ws/build/turtlebot3_fake_node' returned '0': CMAKE_PREFIX_PATH=/home/kits/turtlebot3_ws/install/dynamic_obstacle_avoidance:/home/kits/ros2_ws/install/dynamic_obstacle_avoidance:/opt/ros/humble /usr/bin/cmake /home/kits/turtlebot3_ws/src/turtlebot3_simulations/turtlebot3_fake_node -DCMAKE_INSTALL_PREFIX=/home/kits/turtlebot3_ws/install/turtlebot3_fake_node
[1.147s] Invoking command in '/home/kits/turtlebot3_ws/build/turtlebot3_fake_node': CMAKE_PREFIX_PATH=/home/kits/turtlebot3_ws/install/dynamic_obstacle_avoidance:/home/kits/ros2_ws/install/dynamic_obstacle_avoidance:/opt/ros/humble /usr/bin/cmake --build /home/kits/turtlebot3_ws/build/turtlebot3_fake_node -- -j16 -l16
[1.188s] [ 50%] [32mBuilding CXX object CMakeFiles/turtlebot3_fake_node.dir/src/turtlebot3_fake_node.cpp.o[0m
[8.539s] [100%] [32m[1mLinking CXX executable turtlebot3_fake_node[0m
[9.211s] [100%] Built target turtlebot3_fake_node
[9.222s] Invoked command in '/home/kits/turtlebot3_ws/build/turtlebot3_fake_node' returned '0': CMAKE_PREFIX_PATH=/home/kits/turtlebot3_ws/install/dynamic_obstacle_avoidance:/home/kits/ros2_ws/install/dynamic_obstacle_avoidance:/opt/ros/humble /usr/bin/cmake --build /home/kits/turtlebot3_ws/build/turtlebot3_fake_node -- -j16 -l16
[9.223s] Invoking command in '/home/kits/turtlebot3_ws/build/turtlebot3_fake_node': CMAKE_PREFIX_PATH=/home/kits/turtlebot3_ws/install/dynamic_obstacle_avoidance:/home/kits/ros2_ws/install/dynamic_obstacle_avoidance:/opt/ros/humble /usr/bin/cmake --install /home/kits/turtlebot3_ws/build/turtlebot3_fake_node
[9.231s] -- Install configuration: ""
[9.231s] -- Installing: /home/kits/turtlebot3_ws/install/turtlebot3_fake_node/lib/turtlebot3_fake_node/turtlebot3_fake_node
[9.235s] -- Set runtime path of "/home/kits/turtlebot3_ws/install/turtlebot3_fake_node/lib/turtlebot3_fake_node/turtlebot3_fake_node" to ""
[9.235s] -- Installing: /home/kits/turtlebot3_ws/install/turtlebot3_fake_node/share/turtlebot3_fake_node/launch
[9.235s] -- Installing: /home/kits/turtlebot3_ws/install/turtlebot3_fake_node/share/turtlebot3_fake_node/launch/rviz2.launch.py
[9.236s] -- Installing: /home/kits/turtlebot3_ws/install/turtlebot3_fake_node/share/turtlebot3_fake_node/launch/turtlebot3_fake_node.launch.py
[9.236s] -- Installing: /home/kits/turtlebot3_ws/install/turtlebot3_fake_node/share/turtlebot3_fake_node/param
[9.236s] -- Installing: /home/kits/turtlebot3_ws/install/turtlebot3_fake_node/share/turtlebot3_fake_node/param/burger.yaml
[9.237s] -- Installing: /home/kits/turtlebot3_ws/install/turtlebot3_fake_node/share/turtlebot3_fake_node/param/waffle.yaml
[9.237s] -- Installing: /home/kits/turtlebot3_ws/install/turtlebot3_fake_node/share/turtlebot3_fake_node/param/waffle_pi.yaml
[9.237s] -- Installing: /home/kits/turtlebot3_ws/install/turtlebot3_fake_node/include/
[9.237s] -- Installing: /home/kits/turtlebot3_ws/install/turtlebot3_fake_node/include//turtlebot3_fake_node
[9.237s] -- Installing: /home/kits/turtlebot3_ws/install/turtlebot3_fake_node/include//turtlebot3_fake_node/turtlebot3_fake_node.hpp
[9.237s] -- Installing: /home/kits/turtlebot3_ws/install/turtlebot3_fake_node/share/ament_index/resource_index/package_run_dependencies/turtlebot3_fake_node
[9.238s] -- Installing: /home/kits/turtlebot3_ws/install/turtlebot3_fake_node/share/ament_index/resource_index/parent_prefix_path/turtlebot3_fake_node
[9.238s] -- Installing: /home/kits/turtlebot3_ws/install/turtlebot3_fake_node/share/turtlebot3_fake_node/environment/ament_prefix_path.sh
[9.238s] -- Installing: /home/kits/turtlebot3_ws/install/turtlebot3_fake_node/share/turtlebot3_fake_node/environment/ament_prefix_path.dsv
[9.238s] -- Installing: /home/kits/turtlebot3_ws/install/turtlebot3_fake_node/share/turtlebot3_fake_node/environment/path.sh
[9.238s] -- Installing: /home/kits/turtlebot3_ws/install/turtlebot3_fake_node/share/turtlebot3_fake_node/environment/path.dsv
[9.238s] -- Installing: /home/kits/turtlebot3_ws/install/turtlebot3_fake_node/share/turtlebot3_fake_node/local_setup.bash
[9.238s] -- Installing: /home/kits/turtlebot3_ws/install/turtlebot3_fake_node/share/turtlebot3_fake_node/local_setup.sh
[9.239s] -- Installing: /home/kits/turtlebot3_ws/install/turtlebot3_fake_node/share/turtlebot3_fake_node/local_setup.zsh
[9.239s] -- Installing: /home/kits/turtlebot3_ws/install/turtlebot3_fake_node/share/turtlebot3_fake_node/local_setup.dsv
[9.239s] -- Installing: /home/kits/turtlebot3_ws/install/turtlebot3_fake_node/share/turtlebot3_fake_node/package.dsv
[9.239s] -- Installing: /home/kits/turtlebot3_ws/install/turtlebot3_fake_node/share/ament_index/resource_index/packages/turtlebot3_fake_node
[9.239s] -- Installing: /home/kits/turtlebot3_ws/install/turtlebot3_fake_node/share/turtlebot3_fake_node/cmake/ament_cmake_export_include_directories-extras.cmake
[9.239s] -- Installing: /home/kits/turtlebot3_ws/install/turtlebot3_fake_node/share/turtlebot3_fake_node/cmake/ament_cmake_export_dependencies-extras.cmake
[9.239s] -- Installing: /home/kits/turtlebot3_ws/install/turtlebot3_fake_node/share/turtlebot3_fake_node/cmake/turtlebot3_fake_nodeConfig.cmake
[9.240s] -- Installing: /home/kits/turtlebot3_ws/install/turtlebot3_fake_node/share/turtlebot3_fake_node/cmake/turtlebot3_fake_nodeConfig-version.cmake
[9.240s] -- Installing: /home/kits/turtlebot3_ws/install/turtlebot3_fake_node/share/turtlebot3_fake_node/package.xml
[9.242s] Invoked command in '/home/kits/turtlebot3_ws/build/turtlebot3_fake_node' returned '0': CMAKE_PREFIX_PATH=/home/kits/turtlebot3_ws/install/dynamic_obstacle_avoidance:/home/kits/ros2_ws/install/dynamic_obstacle_avoidance:/opt/ros/humble /usr/bin/cmake --install /home/kits/turtlebot3_ws/build/turtlebot3_fake_node
